2021-04-15 00:48:53 [ERROR] o.a.c.c.C.[.[localhost].[/].[jsp] - Servlet.service() for servlet [jsp] threw exception
org.apache.jasper.JasperException: /WEB-INF/jsp/mpaUsr/article/list.jsp (line: [81], column: [3]) [${page -  pageMenuArmSize => 1 page -  pageMenuArmSize : 1}] contains invalid expression(s): [javax.el.ELException: Error Parsing: ${page -  pageMenuArmSize => 1 page -  pageMenuArmSize : 1}]
	at org.apache.jasper.compiler.DefaultErrorHandler.jspError(DefaultErrorHandler.java:42)
	at org.apache.jasper.compiler.ErrorDispatcher.dispatch(ErrorDispatcher.java:292)
	at org.apache.jasper.compiler.ErrorDispatcher.jspError(ErrorDispatcher.java:98)
	at org.apache.jasper.compiler.Validator$ValidateVisitor.getJspAttribute(Validator.java:1431)
	at org.apache.jasper.compiler.Validator$ValidateVisitor.checkXmlAttributes(Validator.java:1240)
	at org.apache.jasper.compiler.Validator$ValidateVisitor.visit(Validator.java:888)
	at org.apache.jasper.compiler.Node$CustomTag.accept(Node.java:1544)
	at org.apache.jasper.compiler.Node$Nodes.visit(Node.java:2389)
	at org.apache.jasper.compiler.Node$Visitor.visitBody(Node.java:2441)
	at org.apache.jasper.compiler.Node$Visitor.visit(Node.java:2447)
	at org.apache.jasper.compiler.Node$Root.accept(Node.java:470)
	at org.apache.jasper.compiler.Node$Nodes.visit(Node.java:2389)
	at org.apache.jasper.compiler.Validator.validateExDirectives(Validator.java:1857)
	at org.apache.jasper.compiler.Compiler.generateJava(Compiler.java:224)
	at org.apache.jasper.compiler.Compiler.compile(Compiler.java:386)
	at org.apache.jasper.compiler.Compiler.compile(Compiler.java:362)
	at org.apache.jasper.compiler.Compiler.compile(Compiler.java:346)
	at org.apache.jasper.JspCompilationContext.compile(JspCompilationContext.java:605)
	at org.apache.jasper.servlet.JspServletWrapper.service(JspServletWrapper.java:400)
	at org.apache.jasper.servlet.JspServlet.serviceJspFile(JspServlet.java:378)
	at org.apache.jasper.servlet.JspServlet.service(JspServlet.java:326)
	at javax.servlet.http.HttpServlet.service(HttpServlet.java:733)
	at org.apache.catalina.core.ApplicationFilterChain.internalDoFilter(ApplicationFilterChain.java:227)
	at org.apache.catalina.core.ApplicationFilterChain.doFilter(ApplicationFilterChain.java:162)
	at org.apache.tomcat.websocket.server.WsFilter.doFilter(WsFilter.java:53)
	at org.apache.catalina.core.ApplicationFilterChain.internalDoFilter(ApplicationFilterChain.java:189)
	at org.apache.catalina.core.ApplicationFilterChain.doFilter(ApplicationFilterChain.java:162)
	at org.springframework.web.filter.OncePerRequestFilter.doFilter(OncePerRequestFilter.java:113)
	at org.apache.catalina.core.ApplicationFilterChain.internalDoFilter(ApplicationFilterChain.java:189)
	at org.apache.catalina.core.ApplicationFilterChain.doFilter(ApplicationFilterChain.java:162)
	at org.springframework.web.filter.OncePerRequestFilter.doFilter(OncePerRequestFilter.java:113)
	at org.apache.catalina.core.ApplicationFilterChain.internalDoFilter(ApplicationFilterChain.java:189)
	at org.apache.catalina.core.ApplicationFilterChain.doFilter(ApplicationFilterChain.java:162)
	at org.springframework.web.filter.OncePerRequestFilter.doFilter(OncePerRequestFilter.java:113)
	at org.apache.catalina.core.ApplicationFilterChain.internalDoFilter(ApplicationFilterChain.java:189)
	at org.apache.catalina.core.ApplicationFilterChain.doFilter(ApplicationFilterChain.java:162)
	at org.apache.catalina.core.ApplicationDispatcher.invoke(ApplicationDispatcher.java:710)
	at org.apache.catalina.core.ApplicationDispatcher.processRequest(ApplicationDispatcher.java:457)
	at org.apache.catalina.core.ApplicationDispatcher.doForward(ApplicationDispatcher.java:384)
	at org.apache.catalina.core.ApplicationDispatcher.forward(ApplicationDispatcher.java:312)
	at org.springframework.web.servlet.view.InternalResourceView.renderMergedOutputModel(InternalResourceView.java:171)
	at org.springframework.web.servlet.view.AbstractView.render(AbstractView.java:316)
	at org.springframework.web.servlet.DispatcherServlet.render(DispatcherServlet.java:1393)
	at org.springframework.web.servlet.DispatcherServlet.processDispatchResult(DispatcherServlet.java:1138)
	at org.springframework.web.servlet.DispatcherServlet.doDispatch(DispatcherServlet.java:1077)
	at org.springframework.web.servlet.DispatcherServlet.doService(DispatcherServlet.java:962)
	at org.springframework.web.servlet.FrameworkServlet.processRequest(FrameworkServlet.java:1006)
	at org.springframework.web.servlet.FrameworkServlet.doGet(FrameworkServlet.java:898)
	at javax.servlet.http.HttpServlet.service(HttpServlet.java:626)
	at org.springframework.web.servlet.FrameworkServlet.service(FrameworkServlet.java:883)
	at javax.servlet.http.HttpServlet.service(HttpServlet.java:733)
	at org.apache.catalina.core.ApplicationFilterChain.internalDoFilter(ApplicationFilterChain.java:227)
	at org.apache.catalina.core.ApplicationFilterChain.doFilter(ApplicationFilterChain.java:162)
	at org.apache.tomcat.websocket.server.WsFilter.doFilter(WsFilter.java:53)
	at org.apache.catalina.core.ApplicationFilterChain.internalDoFilter(ApplicationFilterChain.java:189)
	at org.apache.catalina.core.ApplicationFilterChain.doFilter(ApplicationFilterChain.java:162)
	at org.springframework.web.filter.RequestContextFilter.doFilterInternal(RequestContextFilter.java:100)
	at org.springframework.web.filter.OncePerRequestFilter.doFilter(OncePerRequestFilter.java:119)
	at org.apache.catalina.core.ApplicationFilterChain.internalDoFilter(ApplicationFilterChain.java:189)
	at org.apache.catalina.core.ApplicationFilterChain.doFilter(ApplicationFilterChain.java:162)
	at org.springframework.web.filter.FormContentFilter.doFilterInternal(FormContentFilter.java:93)
	at org.springframework.web.filter.OncePerRequestFilter.doFilter(OncePerRequestFilter.java:119)
	at org.apache.catalina.core.ApplicationFilterChain.internalDoFilter(ApplicationFilterChain.java:189)
	at org.apache.catalina.core.ApplicationFilterChain.doFilter(ApplicationFilterChain.java:162)
	at org.springframework.web.filter.CharacterEncodingFilter.doFilterInternal(CharacterEncodingFilter.java:201)
	at org.springframework.web.filter.OncePerRequestFilter.doFilter(OncePerRequestFilter.java:119)
	at org.apache.catalina.core.ApplicationFilterChain.internalDoFilter(ApplicationFilterChain.java:189)
	at org.apache.catalina.core.ApplicationFilterChain.doFilter(ApplicationFilterChain.java:162)
	at org.apache.catalina.core.StandardWrapperValve.invoke(StandardWrapperValve.java:202)
	at org.apache.catalina.core.StandardContextValve.invoke(StandardContextValve.java:97)
	at org.apache.catalina.authenticator.AuthenticatorBase.invoke(AuthenticatorBase.java:542)
	at org.apache.catalina.core.StandardHostValve.invoke(StandardHostValve.java:143)
	at org.apache.catalina.valves.ErrorReportValve.invoke(ErrorReportValve.java:92)
	at org.apache.catalina.core.StandardEngineValve.invoke(StandardEngineValve.java:78)
	at org.apache.catalina.connector.CoyoteAdapter.service(CoyoteAdapter.java:357)
	at org.apache.coyote.http11.Http11Processor.service(Http11Processor.java:374)
	at org.apache.coyote.AbstractProcessorLight.process(AbstractProcessorLight.java:65)
	at org.apache.coyote.AbstractProtocol$ConnectionHandler.process(AbstractProtocol.java:893)
	at org.apache.tomcat.util.net.NioEndpoint$SocketProcessor.doRun(NioEndpoint.java:1707)
	at org.apache.tomcat.util.net.SocketProcessorBase.run(SocketProcessorBase.java:49)
	at java.base/java.util.concurrent.ThreadPoolExecutor.runWorker(ThreadPoolExecutor.java:1130)
	at java.base/java.util.concurrent.ThreadPoolExecutor$Worker.run(ThreadPoolExecutor.java:630)
	at org.apache.tomcat.util.threads.TaskThread$WrappingRunnable.run(TaskThread.java:61)
	at java.base/java.lang.Thread.run(Thread.java:832)
2021-04-15 00:48:53 [ERROR] o.a.c.c.C.[.[.[.[dispatcherServlet] - Servlet.service() for servlet [dispatcherServlet] in context with path [] threw exception [/WEB-INF/jsp/mpaUsr/article/list.jsp (line: [81], column: [3]) [${page -  pageMenuArmSize => 1 page -  pageMenuArmSize : 1}] contains invalid expression(s): [javax.el.ELException: Error Parsing: ${page -  pageMenuArmSize => 1 page -  pageMenuArmSize : 1}]] with root cause
org.apache.jasper.JasperException: /WEB-INF/jsp/mpaUsr/article/list.jsp (line: [81], column: [3]) [${page -  pageMenuArmSize => 1 page -  pageMenuArmSize : 1}] contains invalid expression(s): [javax.el.ELException: Error Parsing: ${page -  pageMenuArmSize => 1 page -  pageMenuArmSize : 1}]
	at org.apache.jasper.compiler.DefaultErrorHandler.jspError(DefaultErrorHandler.java:42)
	at org.apache.jasper.compiler.ErrorDispatcher.dispatch(ErrorDispatcher.java:292)
	at org.apache.jasper.compiler.ErrorDispatcher.jspError(ErrorDispatcher.java:98)
	at org.apache.jasper.compiler.Validator$ValidateVisitor.getJspAttribute(Validator.java:1431)
	at org.apache.jasper.compiler.Validator$ValidateVisitor.checkXmlAttributes(Validator.java:1240)
	at org.apache.jasper.compiler.Validator$ValidateVisitor.visit(Validator.java:888)
	at org.apache.jasper.compiler.Node$CustomTag.accept(Node.java:1544)
	at org.apache.jasper.compiler.Node$Nodes.visit(Node.java:2389)
	at org.apache.jasper.compiler.Node$Visitor.visitBody(Node.java:2441)
	at org.apache.jasper.compiler.Node$Visitor.visit(Node.java:2447)
	at org.apache.jasper.compiler.Node$Root.accept(Node.java:470)
	at org.apache.jasper.compiler.Node$Nodes.visit(Node.java:2389)
	at org.apache.jasper.compiler.Validator.validateExDirectives(Validator.java:1857)
	at org.apache.jasper.compiler.Compiler.generateJava(Compiler.java:224)
	at org.apache.jasper.compiler.Compiler.compile(Compiler.java:386)
	at org.apache.jasper.compiler.Compiler.compile(Compiler.java:362)
	at org.apache.jasper.compiler.Compiler.compile(Compiler.java:346)
	at org.apache.jasper.JspCompilationContext.compile(JspCompilationContext.java:605)
	at org.apache.jasper.servlet.JspServletWrapper.service(JspServletWrapper.java:400)
	at org.apache.jasper.servlet.JspServlet.serviceJspFile(JspServlet.java:378)
	at org.apache.jasper.servlet.JspServlet.service(JspServlet.java:326)
	at javax.servlet.http.HttpServlet.service(HttpServlet.java:733)
	at org.apache.catalina.core.ApplicationFilterChain.internalDoFilter(ApplicationFilterChain.java:227)
	at org.apache.catalina.core.ApplicationFilterChain.doFilter(ApplicationFilterChain.java:162)
	at org.apache.tomcat.websocket.server.WsFilter.doFilter(WsFilter.java:53)
	at org.apache.catalina.core.ApplicationFilterChain.internalDoFilter(ApplicationFilterChain.java:189)
	at org.apache.catalina.core.ApplicationFilterChain.doFilter(ApplicationFilterChain.java:162)
	at org.springframework.web.filter.OncePerRequestFilter.doFilter(OncePerRequestFilter.java:113)
	at org.apache.catalina.core.ApplicationFilterChain.internalDoFilter(ApplicationFilterChain.java:189)
	at org.apache.catalina.core.ApplicationFilterChain.doFilter(ApplicationFilterChain.java:162)
	at org.springframework.web.filter.OncePerRequestFilter.doFilter(OncePerRequestFilter.java:113)
	at org.apache.catalina.core.ApplicationFilterChain.internalDoFilter(ApplicationFilterChain.java:189)
	at org.apache.catalina.core.ApplicationFilterChain.doFilter(ApplicationFilterChain.java:162)
	at org.springframework.web.filter.OncePerRequestFilter.doFilter(OncePerRequestFilter.java:113)
	at org.apache.catalina.core.ApplicationFilterChain.internalDoFilter(ApplicationFilterChain.java:189)
	at org.apache.catalina.core.ApplicationFilterChain.doFilter(ApplicationFilterChain.java:162)
	at org.apache.catalina.core.ApplicationDispatcher.invoke(ApplicationDispatcher.java:710)
	at org.apache.catalina.core.ApplicationDispatcher.processRequest(ApplicationDispatcher.java:457)
	at org.apache.catalina.core.ApplicationDispatcher.doForward(ApplicationDispatcher.java:384)
	at org.apache.catalina.core.ApplicationDispatcher.forward(ApplicationDispatcher.java:312)
	at org.springframework.web.servlet.view.InternalResourceView.renderMergedOutputModel(InternalResourceView.java:171)
	at org.springframework.web.servlet.view.AbstractView.render(AbstractView.java:316)
	at org.springframework.web.servlet.DispatcherServlet.render(DispatcherServlet.java:1393)
	at org.springframework.web.servlet.DispatcherServlet.processDispatchResult(DispatcherServlet.java:1138)
	at org.springframework.web.servlet.DispatcherServlet.doDispatch(DispatcherServlet.java:1077)
	at org.springframework.web.servlet.DispatcherServlet.doService(DispatcherServlet.java:962)
	at org.springframework.web.servlet.FrameworkServlet.processRequest(FrameworkServlet.java:1006)
	at org.springframework.web.servlet.FrameworkServlet.doGet(FrameworkServlet.java:898)
	at javax.servlet.http.HttpServlet.service(HttpServlet.java:626)
	at org.springframework.web.servlet.FrameworkServlet.service(FrameworkServlet.java:883)
	at javax.servlet.http.HttpServlet.service(HttpServlet.java:733)
	at org.apache.catalina.core.ApplicationFilterChain.internalDoFilter(ApplicationFilterChain.java:227)
	at org.apache.catalina.core.ApplicationFilterChain.doFilter(ApplicationFilterChain.java:162)
	at org.apache.tomcat.websocket.server.WsFilter.doFilter(WsFilter.java:53)
	at org.apache.catalina.core.ApplicationFilterChain.internalDoFilter(ApplicationFilterChain.java:189)
	at org.apache.catalina.core.ApplicationFilterChain.doFilter(ApplicationFilterChain.java:162)
	at org.springframework.web.filter.RequestContextFilter.doFilterInternal(RequestContextFilter.java:100)
	at org.springframework.web.filter.OncePerRequestFilter.doFilter(OncePerRequestFilter.java:119)
	at org.apache.catalina.core.ApplicationFilterChain.internalDoFilter(ApplicationFilterChain.java:189)
	at org.apache.catalina.core.ApplicationFilterChain.doFilter(ApplicationFilterChain.java:162)
	at org.springframework.web.filter.FormContentFilter.doFilterInternal(FormContentFilter.java:93)
	at org.springframework.web.filter.OncePerRequestFilter.doFilter(OncePerRequestFilter.java:119)
	at org.apache.catalina.core.ApplicationFilterChain.internalDoFilter(ApplicationFilterChain.java:189)
	at org.apache.catalina.core.ApplicationFilterChain.doFilter(ApplicationFilterChain.java:162)
	at org.springframework.web.filter.CharacterEncodingFilter.doFilterInternal(CharacterEncodingFilter.java:201)
	at org.springframework.web.filter.OncePerRequestFilter.doFilter(OncePerRequestFilter.java:119)
	at org.apache.catalina.core.ApplicationFilterChain.internalDoFilter(ApplicationFilterChain.java:189)
	at org.apache.catalina.core.ApplicationFilterChain.doFilter(ApplicationFilterChain.java:162)
	at org.apache.catalina.core.StandardWrapperValve.invoke(StandardWrapperValve.java:202)
	at org.apache.catalina.core.StandardContextValve.invoke(StandardContextValve.java:97)
	at org.apache.catalina.authenticator.AuthenticatorBase.invoke(AuthenticatorBase.java:542)
	at org.apache.catalina.core.StandardHostValve.invoke(StandardHostValve.java:143)
	at org.apache.catalina.valves.ErrorReportValve.invoke(ErrorReportValve.java:92)
	at org.apache.catalina.core.StandardEngineValve.invoke(StandardEngineValve.java:78)
	at org.apache.catalina.connector.CoyoteAdapter.service(CoyoteAdapter.java:357)
	at org.apache.coyote.http11.Http11Processor.service(Http11Processor.java:374)
	at org.apache.coyote.AbstractProcessorLight.process(AbstractProcessorLight.java:65)
	at org.apache.coyote.AbstractProtocol$ConnectionHandler.process(AbstractProtocol.java:893)
	at org.apache.tomcat.util.net.NioEndpoint$SocketProcessor.doRun(NioEndpoint.java:1707)
	at org.apache.tomcat.util.net.SocketProcessorBase.run(SocketProcessorBase.java:49)
	at java.base/java.util.concurrent.ThreadPoolExecutor.runWorker(ThreadPoolExecutor.java:1130)
	at java.base/java.util.concurrent.ThreadPoolExecutor$Worker.run(ThreadPoolExecutor.java:630)
	at org.apache.tomcat.util.threads.TaskThread$WrappingRunnable.run(TaskThread.java:61)
	at java.base/java.lang.Thread.run(Thread.java:832)
2021-04-15 00:49:29 [ERROR] o.a.c.c.C.[.[localhost].[/].[jsp] - Servlet.service() for servlet [jsp] threw exception
org.apache.jasper.JasperException: /WEB-INF/jsp/mpaUsr/article/list.jsp (line: [81], column: [3]) [${page -  pageMenuArmSize >= 1 page -  pageMenuArmSize : 1}] contains invalid expression(s): [javax.el.ELException: Error Parsing: ${page -  pageMenuArmSize >= 1 page -  pageMenuArmSize : 1}]
	at org.apache.jasper.compiler.DefaultErrorHandler.jspError(DefaultErrorHandler.java:42)
	at org.apache.jasper.compiler.ErrorDispatcher.dispatch(ErrorDispatcher.java:292)
	at org.apache.jasper.compiler.ErrorDispatcher.jspError(ErrorDispatcher.java:98)
	at org.apache.jasper.compiler.Validator$ValidateVisitor.getJspAttribute(Validator.java:1431)
	at org.apache.jasper.compiler.Validator$ValidateVisitor.checkXmlAttributes(Validator.java:1240)
	at org.apache.jasper.compiler.Validator$ValidateVisitor.visit(Validator.java:888)
	at org.apache.jasper.compiler.Node$CustomTag.accept(Node.java:1544)
	at org.apache.jasper.compiler.Node$Nodes.visit(Node.java:2389)
	at org.apache.jasper.compiler.Node$Visitor.visitBody(Node.java:2441)
	at org.apache.jasper.compiler.Node$Visitor.visit(Node.java:2447)
	at org.apache.jasper.compiler.Node$Root.accept(Node.java:470)
	at org.apache.jasper.compiler.Node$Nodes.visit(Node.java:2389)
	at org.apache.jasper.compiler.Validator.validateExDirectives(Validator.java:1857)
	at org.apache.jasper.compiler.Compiler.generateJava(Compiler.java:224)
	at org.apache.jasper.compiler.Compiler.compile(Compiler.java:386)
	at org.apache.jasper.compiler.Compiler.compile(Compiler.java:362)
	at org.apache.jasper.compiler.Compiler.compile(Compiler.java:346)
	at org.apache.jasper.JspCompilationContext.compile(JspCompilationContext.java:605)
	at org.apache.jasper.servlet.JspServletWrapper.service(JspServletWrapper.java:400)
	at org.apache.jasper.servlet.JspServlet.serviceJspFile(JspServlet.java:378)
	at org.apache.jasper.servlet.JspServlet.service(JspServlet.java:326)
	at javax.servlet.http.HttpServlet.service(HttpServlet.java:733)
	at org.apache.catalina.core.ApplicationFilterChain.internalDoFilter(ApplicationFilterChain.java:227)
	at org.apache.catalina.core.ApplicationFilterChain.doFilter(ApplicationFilterChain.java:162)
	at org.apache.tomcat.websocket.server.WsFilter.doFilter(WsFilter.java:53)
	at org.apache.catalina.core.ApplicationFilterChain.internalDoFilter(ApplicationFilterChain.java:189)
	at org.apache.catalina.core.ApplicationFilterChain.doFilter(ApplicationFilterChain.java:162)
	at org.springframework.web.filter.OncePerRequestFilter.doFilter(OncePerRequestFilter.java:113)
	at org.apache.catalina.core.ApplicationFilterChain.internalDoFilter(ApplicationFilterChain.java:189)
	at org.apache.catalina.core.ApplicationFilterChain.doFilter(ApplicationFilterChain.java:162)
	at org.springframework.web.filter.OncePerRequestFilter.doFilter(OncePerRequestFilter.java:113)
	at org.apache.catalina.core.ApplicationFilterChain.internalDoFilter(ApplicationFilterChain.java:189)
	at org.apache.catalina.core.ApplicationFilterChain.doFilter(ApplicationFilterChain.java:162)
	at org.springframework.web.filter.OncePerRequestFilter.doFilter(OncePerRequestFilter.java:113)
	at org.apache.catalina.core.ApplicationFilterChain.internalDoFilter(ApplicationFilterChain.java:189)
	at org.apache.catalina.core.ApplicationFilterChain.doFilter(ApplicationFilterChain.java:162)
	at org.apache.catalina.core.ApplicationDispatcher.invoke(ApplicationDispatcher.java:710)
	at org.apache.catalina.core.ApplicationDispatcher.processRequest(ApplicationDispatcher.java:457)
	at org.apache.catalina.core.ApplicationDispatcher.doForward(ApplicationDispatcher.java:384)
	at org.apache.catalina.core.ApplicationDispatcher.forward(ApplicationDispatcher.java:312)
	at org.springframework.web.servlet.view.InternalResourceView.renderMergedOutputModel(InternalResourceView.java:171)
	at org.springframework.web.servlet.view.AbstractView.render(AbstractView.java:316)
	at org.springframework.web.servlet.DispatcherServlet.render(DispatcherServlet.java:1393)
	at org.springframework.web.servlet.DispatcherServlet.processDispatchResult(DispatcherServlet.java:1138)
	at org.springframework.web.servlet.DispatcherServlet.doDispatch(DispatcherServlet.java:1077)
	at org.springframework.web.servlet.DispatcherServlet.doService(DispatcherServlet.java:962)
	at org.springframework.web.servlet.FrameworkServlet.processRequest(FrameworkServlet.java:1006)
	at org.springframework.web.servlet.FrameworkServlet.doGet(FrameworkServlet.java:898)
	at javax.servlet.http.HttpServlet.service(HttpServlet.java:626)
	at org.springframework.web.servlet.FrameworkServlet.service(FrameworkServlet.java:883)
	at javax.servlet.http.HttpServlet.service(HttpServlet.java:733)
	at org.apache.catalina.core.ApplicationFilterChain.internalDoFilter(ApplicationFilterChain.java:227)
	at org.apache.catalina.core.ApplicationFilterChain.doFilter(ApplicationFilterChain.java:162)
	at org.apache.tomcat.websocket.server.WsFilter.doFilter(WsFilter.java:53)
	at org.apache.catalina.core.ApplicationFilterChain.internalDoFilter(ApplicationFilterChain.java:189)
	at org.apache.catalina.core.ApplicationFilterChain.doFilter(ApplicationFilterChain.java:162)
	at org.springframework.web.filter.RequestContextFilter.doFilterInternal(RequestContextFilter.java:100)
	at org.springframework.web.filter.OncePerRequestFilter.doFilter(OncePerRequestFilter.java:119)
	at org.apache.catalina.core.ApplicationFilterChain.internalDoFilter(ApplicationFilterChain.java:189)
	at org.apache.catalina.core.ApplicationFilterChain.doFilter(ApplicationFilterChain.java:162)
	at org.springframework.web.filter.FormContentFilter.doFilterInternal(FormContentFilter.java:93)
	at org.springframework.web.filter.OncePerRequestFilter.doFilter(OncePerRequestFilter.java:119)
	at org.apache.catalina.core.ApplicationFilterChain.internalDoFilter(ApplicationFilterChain.java:189)
	at org.apache.catalina.core.ApplicationFilterChain.doFilter(ApplicationFilterChain.java:162)
	at org.springframework.web.filter.CharacterEncodingFilter.doFilterInternal(CharacterEncodingFilter.java:201)
	at org.springframework.web.filter.OncePerRequestFilter.doFilter(OncePerRequestFilter.java:119)
	at org.apache.catalina.core.ApplicationFilterChain.internalDoFilter(ApplicationFilterChain.java:189)
	at org.apache.catalina.core.ApplicationFilterChain.doFilter(ApplicationFilterChain.java:162)
	at org.apache.catalina.core.StandardWrapperValve.invoke(StandardWrapperValve.java:202)
	at org.apache.catalina.core.StandardContextValve.invoke(StandardContextValve.java:97)
	at org.apache.catalina.authenticator.AuthenticatorBase.invoke(AuthenticatorBase.java:542)
	at org.apache.catalina.core.StandardHostValve.invoke(StandardHostValve.java:143)
	at org.apache.catalina.valves.ErrorReportValve.invoke(ErrorReportValve.java:92)
	at org.apache.catalina.core.StandardEngineValve.invoke(StandardEngineValve.java:78)
	at org.apache.catalina.connector.CoyoteAdapter.service(CoyoteAdapter.java:357)
	at org.apache.coyote.http11.Http11Processor.service(Http11Processor.java:374)
	at org.apache.coyote.AbstractProcessorLight.process(AbstractProcessorLight.java:65)
	at org.apache.coyote.AbstractProtocol$ConnectionHandler.process(AbstractProtocol.java:893)
	at org.apache.tomcat.util.net.NioEndpoint$SocketProcessor.doRun(NioEndpoint.java:1707)
	at org.apache.tomcat.util.net.SocketProcessorBase.run(SocketProcessorBase.java:49)
	at java.base/java.util.concurrent.ThreadPoolExecutor.runWorker(ThreadPoolExecutor.java:1130)
	at java.base/java.util.concurrent.ThreadPoolExecutor$Worker.run(ThreadPoolExecutor.java:630)
	at org.apache.tomcat.util.threads.TaskThread$WrappingRunnable.run(TaskThread.java:61)
	at java.base/java.lang.Thread.run(Thread.java:832)
2021-04-15 00:49:29 [ERROR] o.a.c.c.C.[.[.[.[dispatcherServlet] - Servlet.service() for servlet [dispatcherServlet] in context with path [] threw exception [/WEB-INF/jsp/mpaUsr/article/list.jsp (line: [81], column: [3]) [${page -  pageMenuArmSize >= 1 page -  pageMenuArmSize : 1}] contains invalid expression(s): [javax.el.ELException: Error Parsing: ${page -  pageMenuArmSize >= 1 page -  pageMenuArmSize : 1}]] with root cause
org.apache.jasper.JasperException: /WEB-INF/jsp/mpaUsr/article/list.jsp (line: [81], column: [3]) [${page -  pageMenuArmSize >= 1 page -  pageMenuArmSize : 1}] contains invalid expression(s): [javax.el.ELException: Error Parsing: ${page -  pageMenuArmSize >= 1 page -  pageMenuArmSize : 1}]
	at org.apache.jasper.compiler.DefaultErrorHandler.jspError(DefaultErrorHandler.java:42)
	at org.apache.jasper.compiler.ErrorDispatcher.dispatch(ErrorDispatcher.java:292)
	at org.apache.jasper.compiler.ErrorDispatcher.jspError(ErrorDispatcher.java:98)
	at org.apache.jasper.compiler.Validator$ValidateVisitor.getJspAttribute(Validator.java:1431)
	at org.apache.jasper.compiler.Validator$ValidateVisitor.checkXmlAttributes(Validator.java:1240)
	at org.apache.jasper.compiler.Validator$ValidateVisitor.visit(Validator.java:888)
	at org.apache.jasper.compiler.Node$CustomTag.accept(Node.java:1544)
	at org.apache.jasper.compiler.Node$Nodes.visit(Node.java:2389)
	at org.apache.jasper.compiler.Node$Visitor.visitBody(Node.java:2441)
	at org.apache.jasper.compiler.Node$Visitor.visit(Node.java:2447)
	at org.apache.jasper.compiler.Node$Root.accept(Node.java:470)
	at org.apache.jasper.compiler.Node$Nodes.visit(Node.java:2389)
	at org.apache.jasper.compiler.Validator.validateExDirectives(Validator.java:1857)
	at org.apache.jasper.compiler.Compiler.generateJava(Compiler.java:224)
	at org.apache.jasper.compiler.Compiler.compile(Compiler.java:386)
	at org.apache.jasper.compiler.Compiler.compile(Compiler.java:362)
	at org.apache.jasper.compiler.Compiler.compile(Compiler.java:346)
	at org.apache.jasper.JspCompilationContext.compile(JspCompilationContext.java:605)
	at org.apache.jasper.servlet.JspServletWrapper.service(JspServletWrapper.java:400)
	at org.apache.jasper.servlet.JspServlet.serviceJspFile(JspServlet.java:378)
	at org.apache.jasper.servlet.JspServlet.service(JspServlet.java:326)
	at javax.servlet.http.HttpServlet.service(HttpServlet.java:733)
	at org.apache.catalina.core.ApplicationFilterChain.internalDoFilter(ApplicationFilterChain.java:227)
	at org.apache.catalina.core.ApplicationFilterChain.doFilter(ApplicationFilterChain.java:162)
	at org.apache.tomcat.websocket.server.WsFilter.doFilter(WsFilter.java:53)
	at org.apache.catalina.core.ApplicationFilterChain.internalDoFilter(ApplicationFilterChain.java:189)
	at org.apache.catalina.core.ApplicationFilterChain.doFilter(ApplicationFilterChain.java:162)
	at org.springframework.web.filter.OncePerRequestFilter.doFilter(OncePerRequestFilter.java:113)
	at org.apache.catalina.core.ApplicationFilterChain.internalDoFilter(ApplicationFilterChain.java:189)
	at org.apache.catalina.core.ApplicationFilterChain.doFilter(ApplicationFilterChain.java:162)
	at org.springframework.web.filter.OncePerRequestFilter.doFilter(OncePerRequestFilter.java:113)
	at org.apache.catalina.core.ApplicationFilterChain.internalDoFilter(ApplicationFilterChain.java:189)
	at org.apache.catalina.core.ApplicationFilterChain.doFilter(ApplicationFilterChain.java:162)
	at org.springframework.web.filter.OncePerRequestFilter.doFilter(OncePerRequestFilter.java:113)
	at org.apache.catalina.core.ApplicationFilterChain.internalDoFilter(ApplicationFilterChain.java:189)
	at org.apache.catalina.core.ApplicationFilterChain.doFilter(ApplicationFilterChain.java:162)
	at org.apache.catalina.core.ApplicationDispatcher.invoke(ApplicationDispatcher.java:710)
	at org.apache.catalina.core.ApplicationDispatcher.processRequest(ApplicationDispatcher.java:457)
	at org.apache.catalina.core.ApplicationDispatcher.doForward(ApplicationDispatcher.java:384)
	at org.apache.catalina.core.ApplicationDispatcher.forward(ApplicationDispatcher.java:312)
	at org.springframework.web.servlet.view.InternalResourceView.renderMergedOutputModel(InternalResourceView.java:171)
	at org.springframework.web.servlet.view.AbstractView.render(AbstractView.java:316)
	at org.springframework.web.servlet.DispatcherServlet.render(DispatcherServlet.java:1393)
	at org.springframework.web.servlet.DispatcherServlet.processDispatchResult(DispatcherServlet.java:1138)
	at org.springframework.web.servlet.DispatcherServlet.doDispatch(DispatcherServlet.java:1077)
	at org.springframework.web.servlet.DispatcherServlet.doService(DispatcherServlet.java:962)
	at org.springframework.web.servlet.FrameworkServlet.processRequest(FrameworkServlet.java:1006)
	at org.springframework.web.servlet.FrameworkServlet.doGet(FrameworkServlet.java:898)
	at javax.servlet.http.HttpServlet.service(HttpServlet.java:626)
	at org.springframework.web.servlet.FrameworkServlet.service(FrameworkServlet.java:883)
	at javax.servlet.http.HttpServlet.service(HttpServlet.java:733)
	at org.apache.catalina.core.ApplicationFilterChain.internalDoFilter(ApplicationFilterChain.java:227)
	at org.apache.catalina.core.ApplicationFilterChain.doFilter(ApplicationFilterChain.java:162)
	at org.apache.tomcat.websocket.server.WsFilter.doFilter(WsFilter.java:53)
	at org.apache.catalina.core.ApplicationFilterChain.internalDoFilter(ApplicationFilterChain.java:189)
	at org.apache.catalina.core.ApplicationFilterChain.doFilter(ApplicationFilterChain.java:162)
	at org.springframework.web.filter.RequestContextFilter.doFilterInternal(RequestContextFilter.java:100)
	at org.springframework.web.filter.OncePerRequestFilter.doFilter(OncePerRequestFilter.java:119)
	at org.apache.catalina.core.ApplicationFilterChain.internalDoFilter(ApplicationFilterChain.java:189)
	at org.apache.catalina.core.ApplicationFilterChain.doFilter(ApplicationFilterChain.java:162)
	at org.springframework.web.filter.FormContentFilter.doFilterInternal(FormContentFilter.java:93)
	at org.springframework.web.filter.OncePerRequestFilter.doFilter(OncePerRequestFilter.java:119)
	at org.apache.catalina.core.ApplicationFilterChain.internalDoFilter(ApplicationFilterChain.java:189)
	at org.apache.catalina.core.ApplicationFilterChain.doFilter(ApplicationFilterChain.java:162)
	at org.springframework.web.filter.CharacterEncodingFilter.doFilterInternal(CharacterEncodingFilter.java:201)
	at org.springframework.web.filter.OncePerRequestFilter.doFilter(OncePerRequestFilter.java:119)
	at org.apache.catalina.core.ApplicationFilterChain.internalDoFilter(ApplicationFilterChain.java:189)
	at org.apache.catalina.core.ApplicationFilterChain.doFilter(ApplicationFilterChain.java:162)
	at org.apache.catalina.core.StandardWrapperValve.invoke(StandardWrapperValve.java:202)
	at org.apache.catalina.core.StandardContextValve.invoke(StandardContextValve.java:97)
	at org.apache.catalina.authenticator.AuthenticatorBase.invoke(AuthenticatorBase.java:542)
	at org.apache.catalina.core.StandardHostValve.invoke(StandardHostValve.java:143)
	at org.apache.catalina.valves.ErrorReportValve.invoke(ErrorReportValve.java:92)
	at org.apache.catalina.core.StandardEngineValve.invoke(StandardEngineValve.java:78)
	at org.apache.catalina.connector.CoyoteAdapter.service(CoyoteAdapter.java:357)
	at org.apache.coyote.http11.Http11Processor.service(Http11Processor.java:374)
	at org.apache.coyote.AbstractProcessorLight.process(AbstractProcessorLight.java:65)
	at org.apache.coyote.AbstractProtocol$ConnectionHandler.process(AbstractProtocol.java:893)
	at org.apache.tomcat.util.net.NioEndpoint$SocketProcessor.doRun(NioEndpoint.java:1707)
	at org.apache.tomcat.util.net.SocketProcessorBase.run(SocketProcessorBase.java:49)
	at java.base/java.util.concurrent.ThreadPoolExecutor.runWorker(ThreadPoolExecutor.java:1130)
	at java.base/java.util.concurrent.ThreadPoolExecutor$Worker.run(ThreadPoolExecutor.java:630)
	at org.apache.tomcat.util.threads.TaskThread$WrappingRunnable.run(TaskThread.java:61)
	at java.base/java.lang.Thread.run(Thread.java:832)
2021-04-15 00:49:39 [ERROR] o.a.c.c.C.[.[localhost].[/].[jsp] - Servlet.service() for servlet [jsp] threw exception
org.apache.jasper.JasperException: /WEB-INF/jsp/mpaUsr/article/list.jsp (line: [81], column: [3]) [${page -  pageMenuArmSize >= 1 page -  pageMenuArmSize : 1}] contains invalid expression(s): [javax.el.ELException: Error Parsing: ${page -  pageMenuArmSize >= 1 page -  pageMenuArmSize : 1}]
	at org.apache.jasper.compiler.DefaultErrorHandler.jspError(DefaultErrorHandler.java:42)
	at org.apache.jasper.compiler.ErrorDispatcher.dispatch(ErrorDispatcher.java:292)
	at org.apache.jasper.compiler.ErrorDispatcher.jspError(ErrorDispatcher.java:98)
	at org.apache.jasper.compiler.Validator$ValidateVisitor.getJspAttribute(Validator.java:1431)
	at org.apache.jasper.compiler.Validator$ValidateVisitor.checkXmlAttributes(Validator.java:1240)
	at org.apache.jasper.compiler.Validator$ValidateVisitor.visit(Validator.java:888)
	at org.apache.jasper.compiler.Node$CustomTag.accept(Node.java:1544)
	at org.apache.jasper.compiler.Node$Nodes.visit(Node.java:2389)
	at org.apache.jasper.compiler.Node$Visitor.visitBody(Node.java:2441)
	at org.apache.jasper.compiler.Node$Visitor.visit(Node.java:2447)
	at org.apache.jasper.compiler.Node$Root.accept(Node.java:470)
	at org.apache.jasper.compiler.Node$Nodes.visit(Node.java:2389)
	at org.apache.jasper.compiler.Validator.validateExDirectives(Validator.java:1857)
	at org.apache.jasper.compiler.Compiler.generateJava(Compiler.java:224)
	at org.apache.jasper.compiler.Compiler.compile(Compiler.java:386)
	at org.apache.jasper.compiler.Compiler.compile(Compiler.java:362)
	at org.apache.jasper.compiler.Compiler.compile(Compiler.java:346)
	at org.apache.jasper.JspCompilationContext.compile(JspCompilationContext.java:605)
	at org.apache.jasper.servlet.JspServletWrapper.service(JspServletWrapper.java:400)
	at org.apache.jasper.servlet.JspServlet.serviceJspFile(JspServlet.java:378)
	at org.apache.jasper.servlet.JspServlet.service(JspServlet.java:326)
	at javax.servlet.http.HttpServlet.service(HttpServlet.java:733)
	at org.apache.catalina.core.ApplicationFilterChain.internalDoFilter(ApplicationFilterChain.java:227)
	at org.apache.catalina.core.ApplicationFilterChain.doFilter(ApplicationFilterChain.java:162)
	at org.apache.tomcat.websocket.server.WsFilter.doFilter(WsFilter.java:53)
	at org.apache.catalina.core.ApplicationFilterChain.internalDoFilter(ApplicationFilterChain.java:189)
	at org.apache.catalina.core.ApplicationFilterChain.doFilter(ApplicationFilterChain.java:162)
	at org.springframework.web.filter.OncePerRequestFilter.doFilter(OncePerRequestFilter.java:113)
	at org.apache.catalina.core.ApplicationFilterChain.internalDoFilter(ApplicationFilterChain.java:189)
	at org.apache.catalina.core.ApplicationFilterChain.doFilter(ApplicationFilterChain.java:162)
	at org.springframework.web.filter.OncePerRequestFilter.doFilter(OncePerRequestFilter.java:113)
	at org.apache.catalina.core.ApplicationFilterChain.internalDoFilter(ApplicationFilterChain.java:189)
	at org.apache.catalina.core.ApplicationFilterChain.doFilter(ApplicationFilterChain.java:162)
	at org.springframework.web.filter.OncePerRequestFilter.doFilter(OncePerRequestFilter.java:113)
	at org.apache.catalina.core.ApplicationFilterChain.internalDoFilter(ApplicationFilterChain.java:189)
	at org.apache.catalina.core.ApplicationFilterChain.doFilter(ApplicationFilterChain.java:162)
	at org.apache.catalina.core.ApplicationDispatcher.invoke(ApplicationDispatcher.java:710)
	at org.apache.catalina.core.ApplicationDispatcher.processRequest(ApplicationDispatcher.java:457)
	at org.apache.catalina.core.ApplicationDispatcher.doForward(ApplicationDispatcher.java:384)
	at org.apache.catalina.core.ApplicationDispatcher.forward(ApplicationDispatcher.java:312)
	at org.springframework.web.servlet.view.InternalResourceView.renderMergedOutputModel(InternalResourceView.java:171)
	at org.springframework.web.servlet.view.AbstractView.render(AbstractView.java:316)
	at org.springframework.web.servlet.DispatcherServlet.render(DispatcherServlet.java:1393)
	at org.springframework.web.servlet.DispatcherServlet.processDispatchResult(DispatcherServlet.java:1138)
	at org.springframework.web.servlet.DispatcherServlet.doDispatch(DispatcherServlet.java:1077)
	at org.springframework.web.servlet.DispatcherServlet.doService(DispatcherServlet.java:962)
	at org.springframework.web.servlet.FrameworkServlet.processRequest(FrameworkServlet.java:1006)
	at org.springframework.web.servlet.FrameworkServlet.doGet(FrameworkServlet.java:898)
	at javax.servlet.http.HttpServlet.service(HttpServlet.java:626)
	at org.springframework.web.servlet.FrameworkServlet.service(FrameworkServlet.java:883)
	at javax.servlet.http.HttpServlet.service(HttpServlet.java:733)
	at org.apache.catalina.core.ApplicationFilterChain.internalDoFilter(ApplicationFilterChain.java:227)
	at org.apache.catalina.core.ApplicationFilterChain.doFilter(ApplicationFilterChain.java:162)
	at org.apache.tomcat.websocket.server.WsFilter.doFilter(WsFilter.java:53)
	at org.apache.catalina.core.ApplicationFilterChain.internalDoFilter(ApplicationFilterChain.java:189)
	at org.apache.catalina.core.ApplicationFilterChain.doFilter(ApplicationFilterChain.java:162)
	at org.springframework.web.filter.RequestContextFilter.doFilterInternal(RequestContextFilter.java:100)
	at org.springframework.web.filter.OncePerRequestFilter.doFilter(OncePerRequestFilter.java:119)
	at org.apache.catalina.core.ApplicationFilterChain.internalDoFilter(ApplicationFilterChain.java:189)
	at org.apache.catalina.core.ApplicationFilterChain.doFilter(ApplicationFilterChain.java:162)
	at org.springframework.web.filter.FormContentFilter.doFilterInternal(FormContentFilter.java:93)
	at org.springframework.web.filter.OncePerRequestFilter.doFilter(OncePerRequestFilter.java:119)
	at org.apache.catalina.core.ApplicationFilterChain.internalDoFilter(ApplicationFilterChain.java:189)
	at org.apache.catalina.core.ApplicationFilterChain.doFilter(ApplicationFilterChain.java:162)
	at org.springframework.web.filter.CharacterEncodingFilter.doFilterInternal(CharacterEncodingFilter.java:201)
	at org.springframework.web.filter.OncePerRequestFilter.doFilter(OncePerRequestFilter.java:119)
	at org.apache.catalina.core.ApplicationFilterChain.internalDoFilter(ApplicationFilterChain.java:189)
	at org.apache.catalina.core.ApplicationFilterChain.doFilter(ApplicationFilterChain.java:162)
	at org.apache.catalina.core.StandardWrapperValve.invoke(StandardWrapperValve.java:202)
	at org.apache.catalina.core.StandardContextValve.invoke(StandardContextValve.java:97)
	at org.apache.catalina.authenticator.AuthenticatorBase.invoke(AuthenticatorBase.java:542)
	at org.apache.catalina.core.StandardHostValve.invoke(StandardHostValve.java:143)
	at org.apache.catalina.valves.ErrorReportValve.invoke(ErrorReportValve.java:92)
	at org.apache.catalina.core.StandardEngineValve.invoke(StandardEngineValve.java:78)
	at org.apache.catalina.connector.CoyoteAdapter.service(CoyoteAdapter.java:357)
	at org.apache.coyote.http11.Http11Processor.service(Http11Processor.java:374)
	at org.apache.coyote.AbstractProcessorLight.process(AbstractProcessorLight.java:65)
	at org.apache.coyote.AbstractProtocol$ConnectionHandler.process(AbstractProtocol.java:893)
	at org.apache.tomcat.util.net.NioEndpoint$SocketProcessor.doRun(NioEndpoint.java:1707)
	at org.apache.tomcat.util.net.SocketProcessorBase.run(SocketProcessorBase.java:49)
	at java.base/java.util.concurrent.ThreadPoolExecutor.runWorker(ThreadPoolExecutor.java:1130)
	at java.base/java.util.concurrent.ThreadPoolExecutor$Worker.run(ThreadPoolExecutor.java:630)
	at org.apache.tomcat.util.threads.TaskThread$WrappingRunnable.run(TaskThread.java:61)
	at java.base/java.lang.Thread.run(Thread.java:832)
2021-04-15 00:49:39 [ERROR] o.a.c.c.C.[.[.[.[dispatcherServlet] - Servlet.service() for servlet [dispatcherServlet] in context with path [] threw exception [/WEB-INF/jsp/mpaUsr/article/list.jsp (line: [81], column: [3]) [${page -  pageMenuArmSize >= 1 page -  pageMenuArmSize : 1}] contains invalid expression(s): [javax.el.ELException: Error Parsing: ${page -  pageMenuArmSize >= 1 page -  pageMenuArmSize : 1}]] with root cause
org.apache.jasper.JasperException: /WEB-INF/jsp/mpaUsr/article/list.jsp (line: [81], column: [3]) [${page -  pageMenuArmSize >= 1 page -  pageMenuArmSize : 1}] contains invalid expression(s): [javax.el.ELException: Error Parsing: ${page -  pageMenuArmSize >= 1 page -  pageMenuArmSize : 1}]
	at org.apache.jasper.compiler.DefaultErrorHandler.jspError(DefaultErrorHandler.java:42)
	at org.apache.jasper.compiler.ErrorDispatcher.dispatch(ErrorDispatcher.java:292)
	at org.apache.jasper.compiler.ErrorDispatcher.jspError(ErrorDispatcher.java:98)
	at org.apache.jasper.compiler.Validator$ValidateVisitor.getJspAttribute(Validator.java:1431)
	at org.apache.jasper.compiler.Validator$ValidateVisitor.checkXmlAttributes(Validator.java:1240)
	at org.apache.jasper.compiler.Validator$ValidateVisitor.visit(Validator.java:888)
	at org.apache.jasper.compiler.Node$CustomTag.accept(Node.java:1544)
	at org.apache.jasper.compiler.Node$Nodes.visit(Node.java:2389)
	at org.apache.jasper.compiler.Node$Visitor.visitBody(Node.java:2441)
	at org.apache.jasper.compiler.Node$Visitor.visit(Node.java:2447)
	at org.apache.jasper.compiler.Node$Root.accept(Node.java:470)
	at org.apache.jasper.compiler.Node$Nodes.visit(Node.java:2389)
	at org.apache.jasper.compiler.Validator.validateExDirectives(Validator.java:1857)
	at org.apache.jasper.compiler.Compiler.generateJava(Compiler.java:224)
	at org.apache.jasper.compiler.Compiler.compile(Compiler.java:386)
	at org.apache.jasper.compiler.Compiler.compile(Compiler.java:362)
	at org.apache.jasper.compiler.Compiler.compile(Compiler.java:346)
	at org.apache.jasper.JspCompilationContext.compile(JspCompilationContext.java:605)
	at org.apache.jasper.servlet.JspServletWrapper.service(JspServletWrapper.java:400)
	at org.apache.jasper.servlet.JspServlet.serviceJspFile(JspServlet.java:378)
	at org.apache.jasper.servlet.JspServlet.service(JspServlet.java:326)
	at javax.servlet.http.HttpServlet.service(HttpServlet.java:733)
	at org.apache.catalina.core.ApplicationFilterChain.internalDoFilter(ApplicationFilterChain.java:227)
	at org.apache.catalina.core.ApplicationFilterChain.doFilter(ApplicationFilterChain.java:162)
	at org.apache.tomcat.websocket.server.WsFilter.doFilter(WsFilter.java:53)
	at org.apache.catalina.core.ApplicationFilterChain.internalDoFilter(ApplicationFilterChain.java:189)
	at org.apache.catalina.core.ApplicationFilterChain.doFilter(ApplicationFilterChain.java:162)
	at org.springframework.web.filter.OncePerRequestFilter.doFilter(OncePerRequestFilter.java:113)
	at org.apache.catalina.core.ApplicationFilterChain.internalDoFilter(ApplicationFilterChain.java:189)
	at org.apache.catalina.core.ApplicationFilterChain.doFilter(ApplicationFilterChain.java:162)
	at org.springframework.web.filter.OncePerRequestFilter.doFilter(OncePerRequestFilter.java:113)
	at org.apache.catalina.core.ApplicationFilterChain.internalDoFilter(ApplicationFilterChain.java:189)
	at org.apache.catalina.core.ApplicationFilterChain.doFilter(ApplicationFilterChain.java:162)
	at org.springframework.web.filter.OncePerRequestFilter.doFilter(OncePerRequestFilter.java:113)
	at org.apache.catalina.core.ApplicationFilterChain.internalDoFilter(ApplicationFilterChain.java:189)
	at org.apache.catalina.core.ApplicationFilterChain.doFilter(ApplicationFilterChain.java:162)
	at org.apache.catalina.core.ApplicationDispatcher.invoke(ApplicationDispatcher.java:710)
	at org.apache.catalina.core.ApplicationDispatcher.processRequest(ApplicationDispatcher.java:457)
	at org.apache.catalina.core.ApplicationDispatcher.doForward(ApplicationDispatcher.java:384)
	at org.apache.catalina.core.ApplicationDispatcher.forward(ApplicationDispatcher.java:312)
	at org.springframework.web.servlet.view.InternalResourceView.renderMergedOutputModel(InternalResourceView.java:171)
	at org.springframework.web.servlet.view.AbstractView.render(AbstractView.java:316)
	at org.springframework.web.servlet.DispatcherServlet.render(DispatcherServlet.java:1393)
	at org.springframework.web.servlet.DispatcherServlet.processDispatchResult(DispatcherServlet.java:1138)
	at org.springframework.web.servlet.DispatcherServlet.doDispatch(DispatcherServlet.java:1077)
	at org.springframework.web.servlet.DispatcherServlet.doService(DispatcherServlet.java:962)
	at org.springframework.web.servlet.FrameworkServlet.processRequest(FrameworkServlet.java:1006)
	at org.springframework.web.servlet.FrameworkServlet.doGet(FrameworkServlet.java:898)
	at javax.servlet.http.HttpServlet.service(HttpServlet.java:626)
	at org.springframework.web.servlet.FrameworkServlet.service(FrameworkServlet.java:883)
	at javax.servlet.http.HttpServlet.service(HttpServlet.java:733)
	at org.apache.catalina.core.ApplicationFilterChain.internalDoFilter(ApplicationFilterChain.java:227)
	at org.apache.catalina.core.ApplicationFilterChain.doFilter(ApplicationFilterChain.java:162)
	at org.apache.tomcat.websocket.server.WsFilter.doFilter(WsFilter.java:53)
	at org.apache.catalina.core.ApplicationFilterChain.internalDoFilter(ApplicationFilterChain.java:189)
	at org.apache.catalina.core.ApplicationFilterChain.doFilter(ApplicationFilterChain.java:162)
	at org.springframework.web.filter.RequestContextFilter.doFilterInternal(RequestContextFilter.java:100)
	at org.springframework.web.filter.OncePerRequestFilter.doFilter(OncePerRequestFilter.java:119)
	at org.apache.catalina.core.ApplicationFilterChain.internalDoFilter(ApplicationFilterChain.java:189)
	at org.apache.catalina.core.ApplicationFilterChain.doFilter(ApplicationFilterChain.java:162)
	at org.springframework.web.filter.FormContentFilter.doFilterInternal(FormContentFilter.java:93)
	at org.springframework.web.filter.OncePerRequestFilter.doFilter(OncePerRequestFilter.java:119)
	at org.apache.catalina.core.ApplicationFilterChain.internalDoFilter(ApplicationFilterChain.java:189)
	at org.apache.catalina.core.ApplicationFilterChain.doFilter(ApplicationFilterChain.java:162)
	at org.springframework.web.filter.CharacterEncodingFilter.doFilterInternal(CharacterEncodingFilter.java:201)
	at org.springframework.web.filter.OncePerRequestFilter.doFilter(OncePerRequestFilter.java:119)
	at org.apache.catalina.core.ApplicationFilterChain.internalDoFilter(ApplicationFilterChain.java:189)
	at org.apache.catalina.core.ApplicationFilterChain.doFilter(ApplicationFilterChain.java:162)
	at org.apache.catalina.core.StandardWrapperValve.invoke(StandardWrapperValve.java:202)
	at org.apache.catalina.core.StandardContextValve.invoke(StandardContextValve.java:97)
	at org.apache.catalina.authenticator.AuthenticatorBase.invoke(AuthenticatorBase.java:542)
	at org.apache.catalina.core.StandardHostValve.invoke(StandardHostValve.java:143)
	at org.apache.catalina.valves.ErrorReportValve.invoke(ErrorReportValve.java:92)
	at org.apache.catalina.core.StandardEngineValve.invoke(StandardEngineValve.java:78)
	at org.apache.catalina.connector.CoyoteAdapter.service(CoyoteAdapter.java:357)
	at org.apache.coyote.http11.Http11Processor.service(Http11Processor.java:374)
	at org.apache.coyote.AbstractProcessorLight.process(AbstractProcessorLight.java:65)
	at org.apache.coyote.AbstractProtocol$ConnectionHandler.process(AbstractProtocol.java:893)
	at org.apache.tomcat.util.net.NioEndpoint$SocketProcessor.doRun(NioEndpoint.java:1707)
	at org.apache.tomcat.util.net.SocketProcessorBase.run(SocketProcessorBase.java:49)
	at java.base/java.util.concurrent.ThreadPoolExecutor.runWorker(ThreadPoolExecutor.java:1130)
	at java.base/java.util.concurrent.ThreadPoolExecutor$Worker.run(ThreadPoolExecutor.java:630)
	at org.apache.tomcat.util.threads.TaskThread$WrappingRunnable.run(TaskThread.java:61)
	at java.base/java.lang.Thread.run(Thread.java:832)
2021-04-15 00:51:29 [ERROR] o.a.c.c.C.[.[localhost].[/].[jsp] - Servlet.service() for servlet [jsp] threw exception
org.apache.jasper.JasperException: /WEB-INF/jsp/mpaUsr/article/list.jsp (line: [82], column: [3]) [${page +  pageMenuArmSize <= 0 totalPage ? page +  pageMenuArmSize : totalPage}] contains invalid expression(s): [javax.el.ELException: Error Parsing: ${page +  pageMenuArmSize <= 0 totalPage ? page +  pageMenuArmSize : totalPage}]
	at org.apache.jasper.compiler.DefaultErrorHandler.jspError(DefaultErrorHandler.java:42)
	at org.apache.jasper.compiler.ErrorDispatcher.dispatch(ErrorDispatcher.java:292)
	at org.apache.jasper.compiler.ErrorDispatcher.jspError(ErrorDispatcher.java:98)
	at org.apache.jasper.compiler.Validator$ValidateVisitor.getJspAttribute(Validator.java:1431)
	at org.apache.jasper.compiler.Validator$ValidateVisitor.checkXmlAttributes(Validator.java:1240)
	at org.apache.jasper.compiler.Validator$ValidateVisitor.visit(Validator.java:888)
	at org.apache.jasper.compiler.Node$CustomTag.accept(Node.java:1544)
	at org.apache.jasper.compiler.Node$Nodes.visit(Node.java:2389)
	at org.apache.jasper.compiler.Node$Visitor.visitBody(Node.java:2441)
	at org.apache.jasper.compiler.Node$Visitor.visit(Node.java:2447)
	at org.apache.jasper.compiler.Node$Root.accept(Node.java:470)
	at org.apache.jasper.compiler.Node$Nodes.visit(Node.java:2389)
	at org.apache.jasper.compiler.Validator.validateExDirectives(Validator.java:1857)
	at org.apache.jasper.compiler.Compiler.generateJava(Compiler.java:224)
	at org.apache.jasper.compiler.Compiler.compile(Compiler.java:386)
	at org.apache.jasper.compiler.Compiler.compile(Compiler.java:362)
	at org.apache.jasper.compiler.Compiler.compile(Compiler.java:346)
	at org.apache.jasper.JspCompilationContext.compile(JspCompilationContext.java:605)
	at org.apache.jasper.servlet.JspServletWrapper.service(JspServletWrapper.java:400)
	at org.apache.jasper.servlet.JspServlet.serviceJspFile(JspServlet.java:378)
	at org.apache.jasper.servlet.JspServlet.service(JspServlet.java:326)
	at javax.servlet.http.HttpServlet.service(HttpServlet.java:733)
	at org.apache.catalina.core.ApplicationFilterChain.internalDoFilter(ApplicationFilterChain.java:227)
	at org.apache.catalina.core.ApplicationFilterChain.doFilter(ApplicationFilterChain.java:162)
	at org.apache.tomcat.websocket.server.WsFilter.doFilter(WsFilter.java:53)
	at org.apache.catalina.core.ApplicationFilterChain.internalDoFilter(ApplicationFilterChain.java:189)
	at org.apache.catalina.core.ApplicationFilterChain.doFilter(ApplicationFilterChain.java:162)
	at org.springframework.web.filter.OncePerRequestFilter.doFilter(OncePerRequestFilter.java:113)
	at org.apache.catalina.core.ApplicationFilterChain.internalDoFilter(ApplicationFilterChain.java:189)
	at org.apache.catalina.core.ApplicationFilterChain.doFilter(ApplicationFilterChain.java:162)
	at org.springframework.web.filter.OncePerRequestFilter.doFilter(OncePerRequestFilter.java:113)
	at org.apache.catalina.core.ApplicationFilterChain.internalDoFilter(ApplicationFilterChain.java:189)
	at org.apache.catalina.core.ApplicationFilterChain.doFilter(ApplicationFilterChain.java:162)
	at org.springframework.web.filter.OncePerRequestFilter.doFilter(OncePerRequestFilter.java:113)
	at org.apache.catalina.core.ApplicationFilterChain.internalDoFilter(ApplicationFilterChain.java:189)
	at org.apache.catalina.core.ApplicationFilterChain.doFilter(ApplicationFilterChain.java:162)
	at org.apache.catalina.core.ApplicationDispatcher.invoke(ApplicationDispatcher.java:710)
	at org.apache.catalina.core.ApplicationDispatcher.processRequest(ApplicationDispatcher.java:457)
	at org.apache.catalina.core.ApplicationDispatcher.doForward(ApplicationDispatcher.java:384)
	at org.apache.catalina.core.ApplicationDispatcher.forward(ApplicationDispatcher.java:312)
	at org.springframework.web.servlet.view.InternalResourceView.renderMergedOutputModel(InternalResourceView.java:171)
	at org.springframework.web.servlet.view.AbstractView.render(AbstractView.java:316)
	at org.springframework.web.servlet.DispatcherServlet.render(DispatcherServlet.java:1393)
	at org.springframework.web.servlet.DispatcherServlet.processDispatchResult(DispatcherServlet.java:1138)
	at org.springframework.web.servlet.DispatcherServlet.doDispatch(DispatcherServlet.java:1077)
	at org.springframework.web.servlet.DispatcherServlet.doService(DispatcherServlet.java:962)
	at org.springframework.web.servlet.FrameworkServlet.processRequest(FrameworkServlet.java:1006)
	at org.springframework.web.servlet.FrameworkServlet.doGet(FrameworkServlet.java:898)
	at javax.servlet.http.HttpServlet.service(HttpServlet.java:626)
	at org.springframework.web.servlet.FrameworkServlet.service(FrameworkServlet.java:883)
	at javax.servlet.http.HttpServlet.service(HttpServlet.java:733)
	at org.apache.catalina.core.ApplicationFilterChain.internalDoFilter(ApplicationFilterChain.java:227)
	at org.apache.catalina.core.ApplicationFilterChain.doFilter(ApplicationFilterChain.java:162)
	at org.apache.tomcat.websocket.server.WsFilter.doFilter(WsFilter.java:53)
	at org.apache.catalina.core.ApplicationFilterChain.internalDoFilter(ApplicationFilterChain.java:189)
	at org.apache.catalina.core.ApplicationFilterChain.doFilter(ApplicationFilterChain.java:162)
	at org.springframework.web.filter.RequestContextFilter.doFilterInternal(RequestContextFilter.java:100)
	at org.springframework.web.filter.OncePerRequestFilter.doFilter(OncePerRequestFilter.java:119)
	at org.apache.catalina.core.ApplicationFilterChain.internalDoFilter(ApplicationFilterChain.java:189)
	at org.apache.catalina.core.ApplicationFilterChain.doFilter(ApplicationFilterChain.java:162)
	at org.springframework.web.filter.FormContentFilter.doFilterInternal(FormContentFilter.java:93)
	at org.springframework.web.filter.OncePerRequestFilter.doFilter(OncePerRequestFilter.java:119)
	at org.apache.catalina.core.ApplicationFilterChain.internalDoFilter(ApplicationFilterChain.java:189)
	at org.apache.catalina.core.ApplicationFilterChain.doFilter(ApplicationFilterChain.java:162)
	at org.springframework.web.filter.CharacterEncodingFilter.doFilterInternal(CharacterEncodingFilter.java:201)
	at org.springframework.web.filter.OncePerRequestFilter.doFilter(OncePerRequestFilter.java:119)
	at org.apache.catalina.core.ApplicationFilterChain.internalDoFilter(ApplicationFilterChain.java:189)
	at org.apache.catalina.core.ApplicationFilterChain.doFilter(ApplicationFilterChain.java:162)
	at org.apache.catalina.core.StandardWrapperValve.invoke(StandardWrapperValve.java:202)
	at org.apache.catalina.core.StandardContextValve.invoke(StandardContextValve.java:97)
	at org.apache.catalina.authenticator.AuthenticatorBase.invoke(AuthenticatorBase.java:542)
	at org.apache.catalina.core.StandardHostValve.invoke(StandardHostValve.java:143)
	at org.apache.catalina.valves.ErrorReportValve.invoke(ErrorReportValve.java:92)
	at org.apache.catalina.core.StandardEngineValve.invoke(StandardEngineValve.java:78)
	at org.apache.catalina.connector.CoyoteAdapter.service(CoyoteAdapter.java:357)
	at org.apache.coyote.http11.Http11Processor.service(Http11Processor.java:374)
	at org.apache.coyote.AbstractProcessorLight.process(AbstractProcessorLight.java:65)
	at org.apache.coyote.AbstractProtocol$ConnectionHandler.process(AbstractProtocol.java:893)
	at org.apache.tomcat.util.net.NioEndpoint$SocketProcessor.doRun(NioEndpoint.java:1707)
	at org.apache.tomcat.util.net.SocketProcessorBase.run(SocketProcessorBase.java:49)
	at java.base/java.util.concurrent.ThreadPoolExecutor.runWorker(ThreadPoolExecutor.java:1130)
	at java.base/java.util.concurrent.ThreadPoolExecutor$Worker.run(ThreadPoolExecutor.java:630)
	at org.apache.tomcat.util.threads.TaskThread$WrappingRunnable.run(TaskThread.java:61)
	at java.base/java.lang.Thread.run(Thread.java:832)
2021-04-15 00:51:29 [ERROR] o.a.c.c.C.[.[.[.[dispatcherServlet] - Servlet.service() for servlet [dispatcherServlet] in context with path [] threw exception [/WEB-INF/jsp/mpaUsr/article/list.jsp (line: [82], column: [3]) [${page +  pageMenuArmSize <= 0 totalPage ? page +  pageMenuArmSize : totalPage}] contains invalid expression(s): [javax.el.ELException: Error Parsing: ${page +  pageMenuArmSize <= 0 totalPage ? page +  pageMenuArmSize : totalPage}]] with root cause
org.apache.jasper.JasperException: /WEB-INF/jsp/mpaUsr/article/list.jsp (line: [82], column: [3]) [${page +  pageMenuArmSize <= 0 totalPage ? page +  pageMenuArmSize : totalPage}] contains invalid expression(s): [javax.el.ELException: Error Parsing: ${page +  pageMenuArmSize <= 0 totalPage ? page +  pageMenuArmSize : totalPage}]
	at org.apache.jasper.compiler.DefaultErrorHandler.jspError(DefaultErrorHandler.java:42)
	at org.apache.jasper.compiler.ErrorDispatcher.dispatch(ErrorDispatcher.java:292)
	at org.apache.jasper.compiler.ErrorDispatcher.jspError(ErrorDispatcher.java:98)
	at org.apache.jasper.compiler.Validator$ValidateVisitor.getJspAttribute(Validator.java:1431)
	at org.apache.jasper.compiler.Validator$ValidateVisitor.checkXmlAttributes(Validator.java:1240)
	at org.apache.jasper.compiler.Validator$ValidateVisitor.visit(Validator.java:888)
	at org.apache.jasper.compiler.Node$CustomTag.accept(Node.java:1544)
	at org.apache.jasper.compiler.Node$Nodes.visit(Node.java:2389)
	at org.apache.jasper.compiler.Node$Visitor.visitBody(Node.java:2441)
	at org.apache.jasper.compiler.Node$Visitor.visit(Node.java:2447)
	at org.apache.jasper.compiler.Node$Root.accept(Node.java:470)
	at org.apache.jasper.compiler.Node$Nodes.visit(Node.java:2389)
	at org.apache.jasper.compiler.Validator.validateExDirectives(Validator.java:1857)
	at org.apache.jasper.compiler.Compiler.generateJava(Compiler.java:224)
	at org.apache.jasper.compiler.Compiler.compile(Compiler.java:386)
	at org.apache.jasper.compiler.Compiler.compile(Compiler.java:362)
	at org.apache.jasper.compiler.Compiler.compile(Compiler.java:346)
	at org.apache.jasper.JspCompilationContext.compile(JspCompilationContext.java:605)
	at org.apache.jasper.servlet.JspServletWrapper.service(JspServletWrapper.java:400)
	at org.apache.jasper.servlet.JspServlet.serviceJspFile(JspServlet.java:378)
	at org.apache.jasper.servlet.JspServlet.service(JspServlet.java:326)
	at javax.servlet.http.HttpServlet.service(HttpServlet.java:733)
	at org.apache.catalina.core.ApplicationFilterChain.internalDoFilter(ApplicationFilterChain.java:227)
	at org.apache.catalina.core.ApplicationFilterChain.doFilter(ApplicationFilterChain.java:162)
	at org.apache.tomcat.websocket.server.WsFilter.doFilter(WsFilter.java:53)
	at org.apache.catalina.core.ApplicationFilterChain.internalDoFilter(ApplicationFilterChain.java:189)
	at org.apache.catalina.core.ApplicationFilterChain.doFilter(ApplicationFilterChain.java:162)
	at org.springframework.web.filter.OncePerRequestFilter.doFilter(OncePerRequestFilter.java:113)
	at org.apache.catalina.core.ApplicationFilterChain.internalDoFilter(ApplicationFilterChain.java:189)
	at org.apache.catalina.core.ApplicationFilterChain.doFilter(ApplicationFilterChain.java:162)
	at org.springframework.web.filter.OncePerRequestFilter.doFilter(OncePerRequestFilter.java:113)
	at org.apache.catalina.core.ApplicationFilterChain.internalDoFilter(ApplicationFilterChain.java:189)
	at org.apache.catalina.core.ApplicationFilterChain.doFilter(ApplicationFilterChain.java:162)
	at org.springframework.web.filter.OncePerRequestFilter.doFilter(OncePerRequestFilter.java:113)
	at org.apache.catalina.core.ApplicationFilterChain.internalDoFilter(ApplicationFilterChain.java:189)
	at org.apache.catalina.core.ApplicationFilterChain.doFilter(ApplicationFilterChain.java:162)
	at org.apache.catalina.core.ApplicationDispatcher.invoke(ApplicationDispatcher.java:710)
	at org.apache.catalina.core.ApplicationDispatcher.processRequest(ApplicationDispatcher.java:457)
	at org.apache.catalina.core.ApplicationDispatcher.doForward(ApplicationDispatcher.java:384)
	at org.apache.catalina.core.ApplicationDispatcher.forward(ApplicationDispatcher.java:312)
	at org.springframework.web.servlet.view.InternalResourceView.renderMergedOutputModel(InternalResourceView.java:171)
	at org.springframework.web.servlet.view.AbstractView.render(AbstractView.java:316)
	at org.springframework.web.servlet.DispatcherServlet.render(DispatcherServlet.java:1393)
	at org.springframework.web.servlet.DispatcherServlet.processDispatchResult(DispatcherServlet.java:1138)
	at org.springframework.web.servlet.DispatcherServlet.doDispatch(DispatcherServlet.java:1077)
	at org.springframework.web.servlet.DispatcherServlet.doService(DispatcherServlet.java:962)
	at org.springframework.web.servlet.FrameworkServlet.processRequest(FrameworkServlet.java:1006)
	at org.springframework.web.servlet.FrameworkServlet.doGet(FrameworkServlet.java:898)
	at javax.servlet.http.HttpServlet.service(HttpServlet.java:626)
	at org.springframework.web.servlet.FrameworkServlet.service(FrameworkServlet.java:883)
	at javax.servlet.http.HttpServlet.service(HttpServlet.java:733)
	at org.apache.catalina.core.ApplicationFilterChain.internalDoFilter(ApplicationFilterChain.java:227)
	at org.apache.catalina.core.ApplicationFilterChain.doFilter(ApplicationFilterChain.java:162)
	at org.apache.tomcat.websocket.server.WsFilter.doFilter(WsFilter.java:53)
	at org.apache.catalina.core.ApplicationFilterChain.internalDoFilter(ApplicationFilterChain.java:189)
	at org.apache.catalina.core.ApplicationFilterChain.doFilter(ApplicationFilterChain.java:162)
	at org.springframework.web.filter.RequestContextFilter.doFilterInternal(RequestContextFilter.java:100)
	at org.springframework.web.filter.OncePerRequestFilter.doFilter(OncePerRequestFilter.java:119)
	at org.apache.catalina.core.ApplicationFilterChain.internalDoFilter(ApplicationFilterChain.java:189)
	at org.apache.catalina.core.ApplicationFilterChain.doFilter(ApplicationFilterChain.java:162)
	at org.springframework.web.filter.FormContentFilter.doFilterInternal(FormContentFilter.java:93)
	at org.springframework.web.filter.OncePerRequestFilter.doFilter(OncePerRequestFilter.java:119)
	at org.apache.catalina.core.ApplicationFilterChain.internalDoFilter(ApplicationFilterChain.java:189)
	at org.apache.catalina.core.ApplicationFilterChain.doFilter(ApplicationFilterChain.java:162)
	at org.springframework.web.filter.CharacterEncodingFilter.doFilterInternal(CharacterEncodingFilter.java:201)
	at org.springframework.web.filter.OncePerRequestFilter.doFilter(OncePerRequestFilter.java:119)
	at org.apache.catalina.core.ApplicationFilterChain.internalDoFilter(ApplicationFilterChain.java:189)
	at org.apache.catalina.core.ApplicationFilterChain.doFilter(ApplicationFilterChain.java:162)
	at org.apache.catalina.core.StandardWrapperValve.invoke(StandardWrapperValve.java:202)
	at org.apache.catalina.core.StandardContextValve.invoke(StandardContextValve.java:97)
	at org.apache.catalina.authenticator.AuthenticatorBase.invoke(AuthenticatorBase.java:542)
	at org.apache.catalina.core.StandardHostValve.invoke(StandardHostValve.java:143)
	at org.apache.catalina.valves.ErrorReportValve.invoke(ErrorReportValve.java:92)
	at org.apache.catalina.core.StandardEngineValve.invoke(StandardEngineValve.java:78)
	at org.apache.catalina.connector.CoyoteAdapter.service(CoyoteAdapter.java:357)
	at org.apache.coyote.http11.Http11Processor.service(Http11Processor.java:374)
	at org.apache.coyote.AbstractProcessorLight.process(AbstractProcessorLight.java:65)
	at org.apache.coyote.AbstractProtocol$ConnectionHandler.process(AbstractProtocol.java:893)
	at org.apache.tomcat.util.net.NioEndpoint$SocketProcessor.doRun(NioEndpoint.java:1707)
	at org.apache.tomcat.util.net.SocketProcessorBase.run(SocketProcessorBase.java:49)
	at java.base/java.util.concurrent.ThreadPoolExecutor.runWorker(ThreadPoolExecutor.java:1130)
	at java.base/java.util.concurrent.ThreadPoolExecutor$Worker.run(ThreadPoolExecutor.java:630)
	at org.apache.tomcat.util.threads.TaskThread$WrappingRunnable.run(TaskThread.java:61)
	at java.base/java.lang.Thread.run(Thread.java:832)
2021-04-15 00:51:35 [ERROR] o.a.c.c.C.[.[localhost].[/].[jsp] - Servlet.service() for servlet [jsp] threw exception
org.apache.jasper.JasperException: /WEB-INF/jsp/mpaUsr/article/list.jsp (line: [82], column: [3]) [${page +  pageMenuArmSize <= 0 totalPage ? page +  pageMenuArmSize : totalPage}] contains invalid expression(s): [javax.el.ELException: Error Parsing: ${page +  pageMenuArmSize <= 0 totalPage ? page +  pageMenuArmSize : totalPage}]
	at org.apache.jasper.compiler.DefaultErrorHandler.jspError(DefaultErrorHandler.java:42)
	at org.apache.jasper.compiler.ErrorDispatcher.dispatch(ErrorDispatcher.java:292)
	at org.apache.jasper.compiler.ErrorDispatcher.jspError(ErrorDispatcher.java:98)
	at org.apache.jasper.compiler.Validator$ValidateVisitor.getJspAttribute(Validator.java:1431)
	at org.apache.jasper.compiler.Validator$ValidateVisitor.checkXmlAttributes(Validator.java:1240)
	at org.apache.jasper.compiler.Validator$ValidateVisitor.visit(Validator.java:888)
	at org.apache.jasper.compiler.Node$CustomTag.accept(Node.java:1544)
	at org.apache.jasper.compiler.Node$Nodes.visit(Node.java:2389)
	at org.apache.jasper.compiler.Node$Visitor.visitBody(Node.java:2441)
	at org.apache.jasper.compiler.Node$Visitor.visit(Node.java:2447)
	at org.apache.jasper.compiler.Node$Root.accept(Node.java:470)
	at org.apache.jasper.compiler.Node$Nodes.visit(Node.java:2389)
	at org.apache.jasper.compiler.Validator.validateExDirectives(Validator.java:1857)
	at org.apache.jasper.compiler.Compiler.generateJava(Compiler.java:224)
	at org.apache.jasper.compiler.Compiler.compile(Compiler.java:386)
	at org.apache.jasper.compiler.Compiler.compile(Compiler.java:362)
	at org.apache.jasper.compiler.Compiler.compile(Compiler.java:346)
	at org.apache.jasper.JspCompilationContext.compile(JspCompilationContext.java:605)
	at org.apache.jasper.servlet.JspServletWrapper.service(JspServletWrapper.java:400)
	at org.apache.jasper.servlet.JspServlet.serviceJspFile(JspServlet.java:378)
	at org.apache.jasper.servlet.JspServlet.service(JspServlet.java:326)
	at javax.servlet.http.HttpServlet.service(HttpServlet.java:733)
	at org.apache.catalina.core.ApplicationFilterChain.internalDoFilter(ApplicationFilterChain.java:227)
	at org.apache.catalina.core.ApplicationFilterChain.doFilter(ApplicationFilterChain.java:162)
	at org.apache.tomcat.websocket.server.WsFilter.doFilter(WsFilter.java:53)
	at org.apache.catalina.core.ApplicationFilterChain.internalDoFilter(ApplicationFilterChain.java:189)
	at org.apache.catalina.core.ApplicationFilterChain.doFilter(ApplicationFilterChain.java:162)
	at org.springframework.web.filter.OncePerRequestFilter.doFilter(OncePerRequestFilter.java:113)
	at org.apache.catalina.core.ApplicationFilterChain.internalDoFilter(ApplicationFilterChain.java:189)
	at org.apache.catalina.core.ApplicationFilterChain.doFilter(ApplicationFilterChain.java:162)
	at org.springframework.web.filter.OncePerRequestFilter.doFilter(OncePerRequestFilter.java:113)
	at org.apache.catalina.core.ApplicationFilterChain.internalDoFilter(ApplicationFilterChain.java:189)
	at org.apache.catalina.core.ApplicationFilterChain.doFilter(ApplicationFilterChain.java:162)
	at org.springframework.web.filter.OncePerRequestFilter.doFilter(OncePerRequestFilter.java:113)
	at org.apache.catalina.core.ApplicationFilterChain.internalDoFilter(ApplicationFilterChain.java:189)
	at org.apache.catalina.core.ApplicationFilterChain.doFilter(ApplicationFilterChain.java:162)
	at org.apache.catalina.core.ApplicationDispatcher.invoke(ApplicationDispatcher.java:710)
	at org.apache.catalina.core.ApplicationDispatcher.processRequest(ApplicationDispatcher.java:457)
	at org.apache.catalina.core.ApplicationDispatcher.doForward(ApplicationDispatcher.java:384)
	at org.apache.catalina.core.ApplicationDispatcher.forward(ApplicationDispatcher.java:312)
	at org.springframework.web.servlet.view.InternalResourceView.renderMergedOutputModel(InternalResourceView.java:171)
	at org.springframework.web.servlet.view.AbstractView.render(AbstractView.java:316)
	at org.springframework.web.servlet.DispatcherServlet.render(DispatcherServlet.java:1393)
	at org.springframework.web.servlet.DispatcherServlet.processDispatchResult(DispatcherServlet.java:1138)
	at org.springframework.web.servlet.DispatcherServlet.doDispatch(DispatcherServlet.java:1077)
	at org.springframework.web.servlet.DispatcherServlet.doService(DispatcherServlet.java:962)
	at org.springframework.web.servlet.FrameworkServlet.processRequest(FrameworkServlet.java:1006)
	at org.springframework.web.servlet.FrameworkServlet.doGet(FrameworkServlet.java:898)
	at javax.servlet.http.HttpServlet.service(HttpServlet.java:626)
	at org.springframework.web.servlet.FrameworkServlet.service(FrameworkServlet.java:883)
	at javax.servlet.http.HttpServlet.service(HttpServlet.java:733)
	at org.apache.catalina.core.ApplicationFilterChain.internalDoFilter(ApplicationFilterChain.java:227)
	at org.apache.catalina.core.ApplicationFilterChain.doFilter(ApplicationFilterChain.java:162)
	at org.apache.tomcat.websocket.server.WsFilter.doFilter(WsFilter.java:53)
	at org.apache.catalina.core.ApplicationFilterChain.internalDoFilter(ApplicationFilterChain.java:189)
	at org.apache.catalina.core.ApplicationFilterChain.doFilter(ApplicationFilterChain.java:162)
	at org.springframework.web.filter.RequestContextFilter.doFilterInternal(RequestContextFilter.java:100)
	at org.springframework.web.filter.OncePerRequestFilter.doFilter(OncePerRequestFilter.java:119)
	at org.apache.catalina.core.ApplicationFilterChain.internalDoFilter(ApplicationFilterChain.java:189)
	at org.apache.catalina.core.ApplicationFilterChain.doFilter(ApplicationFilterChain.java:162)
	at org.springframework.web.filter.FormContentFilter.doFilterInternal(FormContentFilter.java:93)
	at org.springframework.web.filter.OncePerRequestFilter.doFilter(OncePerRequestFilter.java:119)
	at org.apache.catalina.core.ApplicationFilterChain.internalDoFilter(ApplicationFilterChain.java:189)
	at org.apache.catalina.core.ApplicationFilterChain.doFilter(ApplicationFilterChain.java:162)
	at org.springframework.web.filter.CharacterEncodingFilter.doFilterInternal(CharacterEncodingFilter.java:201)
	at org.springframework.web.filter.OncePerRequestFilter.doFilter(OncePerRequestFilter.java:119)
	at org.apache.catalina.core.ApplicationFilterChain.internalDoFilter(ApplicationFilterChain.java:189)
	at org.apache.catalina.core.ApplicationFilterChain.doFilter(ApplicationFilterChain.java:162)
	at org.apache.catalina.core.StandardWrapperValve.invoke(StandardWrapperValve.java:202)
	at org.apache.catalina.core.StandardContextValve.invoke(StandardContextValve.java:97)
	at org.apache.catalina.authenticator.AuthenticatorBase.invoke(AuthenticatorBase.java:542)
	at org.apache.catalina.core.StandardHostValve.invoke(StandardHostValve.java:143)
	at org.apache.catalina.valves.ErrorReportValve.invoke(ErrorReportValve.java:92)
	at org.apache.catalina.core.StandardEngineValve.invoke(StandardEngineValve.java:78)
	at org.apache.catalina.connector.CoyoteAdapter.service(CoyoteAdapter.java:357)
	at org.apache.coyote.http11.Http11Processor.service(Http11Processor.java:374)
	at org.apache.coyote.AbstractProcessorLight.process(AbstractProcessorLight.java:65)
	at org.apache.coyote.AbstractProtocol$ConnectionHandler.process(AbstractProtocol.java:893)
	at org.apache.tomcat.util.net.NioEndpoint$SocketProcessor.doRun(NioEndpoint.java:1707)
	at org.apache.tomcat.util.net.SocketProcessorBase.run(SocketProcessorBase.java:49)
	at java.base/java.util.concurrent.ThreadPoolExecutor.runWorker(ThreadPoolExecutor.java:1130)
	at java.base/java.util.concurrent.ThreadPoolExecutor$Worker.run(ThreadPoolExecutor.java:630)
	at org.apache.tomcat.util.threads.TaskThread$WrappingRunnable.run(TaskThread.java:61)
	at java.base/java.lang.Thread.run(Thread.java:832)
2021-04-15 00:51:35 [ERROR] o.a.c.c.C.[.[.[.[dispatcherServlet] - Servlet.service() for servlet [dispatcherServlet] in context with path [] threw exception [/WEB-INF/jsp/mpaUsr/article/list.jsp (line: [82], column: [3]) [${page +  pageMenuArmSize <= 0 totalPage ? page +  pageMenuArmSize : totalPage}] contains invalid expression(s): [javax.el.ELException: Error Parsing: ${page +  pageMenuArmSize <= 0 totalPage ? page +  pageMenuArmSize : totalPage}]] with root cause
org.apache.jasper.JasperException: /WEB-INF/jsp/mpaUsr/article/list.jsp (line: [82], column: [3]) [${page +  pageMenuArmSize <= 0 totalPage ? page +  pageMenuArmSize : totalPage}] contains invalid expression(s): [javax.el.ELException: Error Parsing: ${page +  pageMenuArmSize <= 0 totalPage ? page +  pageMenuArmSize : totalPage}]
	at org.apache.jasper.compiler.DefaultErrorHandler.jspError(DefaultErrorHandler.java:42)
	at org.apache.jasper.compiler.ErrorDispatcher.dispatch(ErrorDispatcher.java:292)
	at org.apache.jasper.compiler.ErrorDispatcher.jspError(ErrorDispatcher.java:98)
	at org.apache.jasper.compiler.Validator$ValidateVisitor.getJspAttribute(Validator.java:1431)
	at org.apache.jasper.compiler.Validator$ValidateVisitor.checkXmlAttributes(Validator.java:1240)
	at org.apache.jasper.compiler.Validator$ValidateVisitor.visit(Validator.java:888)
	at org.apache.jasper.compiler.Node$CustomTag.accept(Node.java:1544)
	at org.apache.jasper.compiler.Node$Nodes.visit(Node.java:2389)
	at org.apache.jasper.compiler.Node$Visitor.visitBody(Node.java:2441)
	at org.apache.jasper.compiler.Node$Visitor.visit(Node.java:2447)
	at org.apache.jasper.compiler.Node$Root.accept(Node.java:470)
	at org.apache.jasper.compiler.Node$Nodes.visit(Node.java:2389)
	at org.apache.jasper.compiler.Validator.validateExDirectives(Validator.java:1857)
	at org.apache.jasper.compiler.Compiler.generateJava(Compiler.java:224)
	at org.apache.jasper.compiler.Compiler.compile(Compiler.java:386)
	at org.apache.jasper.compiler.Compiler.compile(Compiler.java:362)
	at org.apache.jasper.compiler.Compiler.compile(Compiler.java:346)
	at org.apache.jasper.JspCompilationContext.compile(JspCompilationContext.java:605)
	at org.apache.jasper.servlet.JspServletWrapper.service(JspServletWrapper.java:400)
	at org.apache.jasper.servlet.JspServlet.serviceJspFile(JspServlet.java:378)
	at org.apache.jasper.servlet.JspServlet.service(JspServlet.java:326)
	at javax.servlet.http.HttpServlet.service(HttpServlet.java:733)
	at org.apache.catalina.core.ApplicationFilterChain.internalDoFilter(ApplicationFilterChain.java:227)
	at org.apache.catalina.core.ApplicationFilterChain.doFilter(ApplicationFilterChain.java:162)
	at org.apache.tomcat.websocket.server.WsFilter.doFilter(WsFilter.java:53)
	at org.apache.catalina.core.ApplicationFilterChain.internalDoFilter(ApplicationFilterChain.java:189)
	at org.apache.catalina.core.ApplicationFilterChain.doFilter(ApplicationFilterChain.java:162)
	at org.springframework.web.filter.OncePerRequestFilter.doFilter(OncePerRequestFilter.java:113)
	at org.apache.catalina.core.ApplicationFilterChain.internalDoFilter(ApplicationFilterChain.java:189)
	at org.apache.catalina.core.ApplicationFilterChain.doFilter(ApplicationFilterChain.java:162)
	at org.springframework.web.filter.OncePerRequestFilter.doFilter(OncePerRequestFilter.java:113)
	at org.apache.catalina.core.ApplicationFilterChain.internalDoFilter(ApplicationFilterChain.java:189)
	at org.apache.catalina.core.ApplicationFilterChain.doFilter(ApplicationFilterChain.java:162)
	at org.springframework.web.filter.OncePerRequestFilter.doFilter(OncePerRequestFilter.java:113)
	at org.apache.catalina.core.ApplicationFilterChain.internalDoFilter(ApplicationFilterChain.java:189)
	at org.apache.catalina.core.ApplicationFilterChain.doFilter(ApplicationFilterChain.java:162)
	at org.apache.catalina.core.ApplicationDispatcher.invoke(ApplicationDispatcher.java:710)
	at org.apache.catalina.core.ApplicationDispatcher.processRequest(ApplicationDispatcher.java:457)
	at org.apache.catalina.core.ApplicationDispatcher.doForward(ApplicationDispatcher.java:384)
	at org.apache.catalina.core.ApplicationDispatcher.forward(ApplicationDispatcher.java:312)
	at org.springframework.web.servlet.view.InternalResourceView.renderMergedOutputModel(InternalResourceView.java:171)
	at org.springframework.web.servlet.view.AbstractView.render(AbstractView.java:316)
	at org.springframework.web.servlet.DispatcherServlet.render(DispatcherServlet.java:1393)
	at org.springframework.web.servlet.DispatcherServlet.processDispatchResult(DispatcherServlet.java:1138)
	at org.springframework.web.servlet.DispatcherServlet.doDispatch(DispatcherServlet.java:1077)
	at org.springframework.web.servlet.DispatcherServlet.doService(DispatcherServlet.java:962)
	at org.springframework.web.servlet.FrameworkServlet.processRequest(FrameworkServlet.java:1006)
	at org.springframework.web.servlet.FrameworkServlet.doGet(FrameworkServlet.java:898)
	at javax.servlet.http.HttpServlet.service(HttpServlet.java:626)
	at org.springframework.web.servlet.FrameworkServlet.service(FrameworkServlet.java:883)
	at javax.servlet.http.HttpServlet.service(HttpServlet.java:733)
	at org.apache.catalina.core.ApplicationFilterChain.internalDoFilter(ApplicationFilterChain.java:227)
	at org.apache.catalina.core.ApplicationFilterChain.doFilter(ApplicationFilterChain.java:162)
	at org.apache.tomcat.websocket.server.WsFilter.doFilter(WsFilter.java:53)
	at org.apache.catalina.core.ApplicationFilterChain.internalDoFilter(ApplicationFilterChain.java:189)
	at org.apache.catalina.core.ApplicationFilterChain.doFilter(ApplicationFilterChain.java:162)
	at org.springframework.web.filter.RequestContextFilter.doFilterInternal(RequestContextFilter.java:100)
	at org.springframework.web.filter.OncePerRequestFilter.doFilter(OncePerRequestFilter.java:119)
	at org.apache.catalina.core.ApplicationFilterChain.internalDoFilter(ApplicationFilterChain.java:189)
	at org.apache.catalina.core.ApplicationFilterChain.doFilter(ApplicationFilterChain.java:162)
	at org.springframework.web.filter.FormContentFilter.doFilterInternal(FormContentFilter.java:93)
	at org.springframework.web.filter.OncePerRequestFilter.doFilter(OncePerRequestFilter.java:119)
	at org.apache.catalina.core.ApplicationFilterChain.internalDoFilter(ApplicationFilterChain.java:189)
	at org.apache.catalina.core.ApplicationFilterChain.doFilter(ApplicationFilterChain.java:162)
	at org.springframework.web.filter.CharacterEncodingFilter.doFilterInternal(CharacterEncodingFilter.java:201)
	at org.springframework.web.filter.OncePerRequestFilter.doFilter(OncePerRequestFilter.java:119)
	at org.apache.catalina.core.ApplicationFilterChain.internalDoFilter(ApplicationFilterChain.java:189)
	at org.apache.catalina.core.ApplicationFilterChain.doFilter(ApplicationFilterChain.java:162)
	at org.apache.catalina.core.StandardWrapperValve.invoke(StandardWrapperValve.java:202)
	at org.apache.catalina.core.StandardContextValve.invoke(StandardContextValve.java:97)
	at org.apache.catalina.authenticator.AuthenticatorBase.invoke(AuthenticatorBase.java:542)
	at org.apache.catalina.core.StandardHostValve.invoke(StandardHostValve.java:143)
	at org.apache.catalina.valves.ErrorReportValve.invoke(ErrorReportValve.java:92)
	at org.apache.catalina.core.StandardEngineValve.invoke(StandardEngineValve.java:78)
	at org.apache.catalina.connector.CoyoteAdapter.service(CoyoteAdapter.java:357)
	at org.apache.coyote.http11.Http11Processor.service(Http11Processor.java:374)
	at org.apache.coyote.AbstractProcessorLight.process(AbstractProcessorLight.java:65)
	at org.apache.coyote.AbstractProtocol$ConnectionHandler.process(AbstractProtocol.java:893)
	at org.apache.tomcat.util.net.NioEndpoint$SocketProcessor.doRun(NioEndpoint.java:1707)
	at org.apache.tomcat.util.net.SocketProcessorBase.run(SocketProcessorBase.java:49)
	at java.base/java.util.concurrent.ThreadPoolExecutor.runWorker(ThreadPoolExecutor.java:1130)
	at java.base/java.util.concurrent.ThreadPoolExecutor$Worker.run(ThreadPoolExecutor.java:630)
	at org.apache.tomcat.util.threads.TaskThread$WrappingRunnable.run(TaskThread.java:61)
	at java.base/java.lang.Thread.run(Thread.java:832)
