2021-06-08 01:44:08 [DEBUG] com.zaxxer.hikari.pool.HikariPool - HikariPool-9 - Add connection elided, waiting 0, queue 1
2021-06-08 01:44:08 [DEBUG] com.zaxxer.hikari.pool.HikariPool - HikariPool-9 - Add connection elided, waiting 0, queue 1
2021-06-08 01:44:08 [DEBUG] com.zaxxer.hikari.pool.HikariPool - HikariPool-9 - Add connection elided, waiting 0, queue 1
2021-06-08 01:44:08 [WARN ] com.zaxxer.hikari.pool.HikariPool - HikariPool-9 - Thread starvation or clock leap detected (housekeeper delta=6h13s175ms710µs300ns).
2021-06-08 01:44:08 [DEBUG] com.zaxxer.hikari.pool.HikariPool - HikariPool-9 - Pool stats (total=5, active=0, idle=5, waiting=0)
2021-06-08 01:44:08 [DEBUG] com.zaxxer.hikari.pool.HikariPool - HikariPool-9 - Add connection elided, waiting 0, queue 5
2021-06-08 01:44:08 [DEBUG] com.zaxxer.hikari.pool.HikariPool - HikariPool-9 - Add connection elided, waiting 0, queue 5
2021-06-08 01:44:08 [DEBUG] com.zaxxer.hikari.pool.HikariPool - HikariPool-9 - Add connection elided, waiting 0, queue 5
2021-06-08 01:44:08 [DEBUG] com.zaxxer.hikari.pool.HikariPool - HikariPool-9 - Add connection elided, waiting 0, queue 5
2021-06-08 01:44:08 [DEBUG] com.zaxxer.hikari.pool.HikariPool - HikariPool-9 - Add connection elided, waiting 0, queue 5
2021-06-08 01:44:08 [DEBUG] com.zaxxer.hikari.pool.PoolBase - HikariPool-9 - Closing connection net.sf.log4jdbc.sql.jdbcapi.ConnectionSpy@6eb60b77: (connection has passed maxLifetime)
2021-06-08 01:44:08 [DEBUG] com.zaxxer.hikari.pool.PoolBase - HikariPool-9 - Closing connection net.sf.log4jdbc.sql.jdbcapi.ConnectionSpy@471b0da5: (connection has passed maxLifetime)
2021-06-08 01:44:08 [DEBUG] com.zaxxer.hikari.pool.HikariPool - HikariPool-9 - Fill pool skipped, pool is at sufficient level.
2021-06-08 01:44:08 [DEBUG] com.zaxxer.hikari.pool.PoolBase - HikariPool-9 - Closing connection net.sf.log4jdbc.sql.jdbcapi.ConnectionSpy@50e99f2b: (connection has passed maxLifetime)
2021-06-08 01:44:08 [DEBUG] com.zaxxer.hikari.pool.HikariPool - HikariPool-9 - Fill pool skipped, pool is at sufficient level.
2021-06-08 01:44:08 [DEBUG] com.zaxxer.hikari.pool.PoolBase - HikariPool-9 - Closing connection net.sf.log4jdbc.sql.jdbcapi.ConnectionSpy@4e00d470: (connection has passed maxLifetime)
2021-06-08 01:44:08 [DEBUG] com.zaxxer.hikari.pool.HikariPool - HikariPool-9 - Fill pool skipped, pool is at sufficient level.
2021-06-08 01:44:08 [DEBUG] com.zaxxer.hikari.pool.PoolBase - HikariPool-9 - Closing connection net.sf.log4jdbc.sql.jdbcapi.ConnectionSpy@1e1e9ae5: (connection has passed maxLifetime)
2021-06-08 01:44:08 [DEBUG] com.zaxxer.hikari.pool.HikariPool - HikariPool-9 - Fill pool skipped, pool is at sufficient level.
2021-06-08 01:44:08 [DEBUG] com.zaxxer.hikari.pool.PoolBase - HikariPool-9 - Closing connection net.sf.log4jdbc.sql.jdbcapi.ConnectionSpy@12035530: (connection has passed maxLifetime)
2021-06-08 01:44:08 [DEBUG] com.zaxxer.hikari.pool.HikariPool - HikariPool-9 - Fill pool skipped, pool is at sufficient level.
2021-06-08 01:44:08 [DEBUG] com.zaxxer.hikari.pool.HikariPool - HikariPool-9 - Added connection net.sf.log4jdbc.sql.jdbcapi.ConnectionSpy@d029dfb
2021-06-08 01:44:08 [DEBUG] com.zaxxer.hikari.pool.HikariPool - HikariPool-9 - Added connection net.sf.log4jdbc.sql.jdbcapi.ConnectionSpy@4c3f97c0
2021-06-08 01:44:08 [DEBUG] com.zaxxer.hikari.pool.PoolBase - HikariPool-9 - Closing connection net.sf.log4jdbc.sql.jdbcapi.ConnectionSpy@533e5f0b: (connection has passed maxLifetime)
2021-06-08 01:44:08 [DEBUG] com.zaxxer.hikari.pool.HikariPool - HikariPool-9 - Fill pool skipped, pool is at sufficient level.
2021-06-08 01:44:08 [DEBUG] com.zaxxer.hikari.pool.HikariPool - HikariPool-9 - Added connection net.sf.log4jdbc.sql.jdbcapi.ConnectionSpy@7d399b78
2021-06-08 01:44:08 [DEBUG] com.zaxxer.hikari.pool.PoolBase - HikariPool-9 - Closing connection net.sf.log4jdbc.sql.jdbcapi.ConnectionSpy@3311a044: (connection has passed maxLifetime)
2021-06-08 01:44:08 [DEBUG] com.zaxxer.hikari.pool.HikariPool - HikariPool-9 - Fill pool skipped, pool is at sufficient level.
2021-06-08 01:44:08 [DEBUG] com.zaxxer.hikari.pool.PoolBase - HikariPool-9 - Closing connection net.sf.log4jdbc.sql.jdbcapi.ConnectionSpy@62a7cd69: (connection has passed maxLifetime)
2021-06-08 01:44:08 [DEBUG] com.zaxxer.hikari.pool.HikariPool - HikariPool-9 - Fill pool skipped, pool is at sufficient level.
2021-06-08 01:44:08 [DEBUG] com.zaxxer.hikari.pool.PoolBase - HikariPool-9 - Closing connection net.sf.log4jdbc.sql.jdbcapi.ConnectionSpy@28bd45dc: (connection has passed maxLifetime)
2021-06-08 01:44:08 [DEBUG] com.zaxxer.hikari.pool.HikariPool - HikariPool-9 - Fill pool skipped, pool is at sufficient level.
2021-06-08 01:44:08 [DEBUG] com.zaxxer.hikari.pool.HikariPool - HikariPool-9 - Added connection net.sf.log4jdbc.sql.jdbcapi.ConnectionSpy@2c10688f
2021-06-08 01:44:08 [DEBUG] com.zaxxer.hikari.pool.HikariPool - HikariPool-9 - Added connection net.sf.log4jdbc.sql.jdbcapi.ConnectionSpy@10f9a083
2021-06-08 01:44:08 [DEBUG] com.zaxxer.hikari.pool.HikariPool - HikariPool-9 - Added connection net.sf.log4jdbc.sql.jdbcapi.ConnectionSpy@285eb026
2021-06-08 01:44:08 [DEBUG] com.zaxxer.hikari.pool.HikariPool - HikariPool-9 - After adding stats (total=6, active=0, idle=6, waiting=0)
2021-06-08 01:44:08 [DEBUG] com.zaxxer.hikari.pool.HikariPool - HikariPool-9 - Added connection net.sf.log4jdbc.sql.jdbcapi.ConnectionSpy@4c9089b
2021-06-08 01:44:08 [DEBUG] com.zaxxer.hikari.pool.HikariPool - HikariPool-9 - Added connection net.sf.log4jdbc.sql.jdbcapi.ConnectionSpy@7164c969
2021-06-08 01:44:08 [DEBUG] com.zaxxer.hikari.pool.HikariPool - HikariPool-9 - Added connection net.sf.log4jdbc.sql.jdbcapi.ConnectionSpy@2eebe568
2021-06-08 01:44:08 [DEBUG] com.zaxxer.hikari.pool.HikariPool - HikariPool-9 - Added connection net.sf.log4jdbc.sql.jdbcapi.ConnectionSpy@6177bf44
