2021-04-08 00:33:14 [WARN ] com.zaxxer.hikari.pool.HikariPool - HikariPool-1 - Thread starvation or clock leap detected (housekeeper delta=14h54m8s356ms909µs200ns).
2021-04-08 00:33:15 [DEBUG] com.zaxxer.hikari.pool.HikariPool - HikariPool-1 - Pool stats (total=10, active=0, idle=10, waiting=0)
2021-04-08 00:33:15 [DEBUG] com.zaxxer.hikari.pool.HikariPool - HikariPool-1 - Fill pool skipped, pool is at sufficient level.
2021-04-08 00:33:15 [DEBUG] com.zaxxer.hikari.pool.HikariPool - HikariPool-1 - Add connection elided, waiting 0, queue 1
2021-04-08 00:33:15 [DEBUG] com.zaxxer.hikari.pool.HikariPool - HikariPool-1 - Add connection elided, waiting 0, queue 1
2021-04-08 00:33:15 [DEBUG] com.zaxxer.hikari.pool.HikariPool - HikariPool-1 - Add connection elided, waiting 0, queue 1
2021-04-08 00:33:15 [DEBUG] com.zaxxer.hikari.pool.HikariPool - HikariPool-1 - Add connection elided, waiting 0, queue 1
2021-04-08 00:33:15 [DEBUG] com.zaxxer.hikari.pool.HikariPool - HikariPool-1 - Add connection elided, waiting 0, queue 1
2021-04-08 00:33:15 [DEBUG] com.zaxxer.hikari.pool.HikariPool - HikariPool-1 - Add connection elided, waiting 0, queue 1
2021-04-08 00:33:15 [DEBUG] com.zaxxer.hikari.pool.HikariPool - HikariPool-1 - Add connection elided, waiting 0, queue 1
2021-04-08 00:33:15 [DEBUG] com.zaxxer.hikari.pool.HikariPool - HikariPool-1 - Add connection elided, waiting 0, queue 1
2021-04-08 00:33:15 [DEBUG] com.zaxxer.hikari.pool.PoolBase - HikariPool-1 - Closing connection net.sf.log4jdbc.sql.jdbcapi.ConnectionSpy@459bcf25: (connection has passed maxLifetime)
2021-04-08 00:33:15 [DEBUG] com.zaxxer.hikari.pool.PoolBase - HikariPool-1 - Closing connection net.sf.log4jdbc.sql.jdbcapi.ConnectionSpy@3518735d: (connection has passed maxLifetime)
2021-04-08 00:33:15 [DEBUG] com.zaxxer.hikari.pool.HikariPool - HikariPool-1 - Fill pool skipped, pool is at sufficient level.
2021-04-08 00:33:15 [DEBUG] com.zaxxer.hikari.pool.PoolBase - HikariPool-1 - Closing connection net.sf.log4jdbc.sql.jdbcapi.ConnectionSpy@43194126: (connection has passed maxLifetime)
2021-04-08 00:33:15 [DEBUG] com.zaxxer.hikari.pool.HikariPool - HikariPool-1 - Fill pool skipped, pool is at sufficient level.
2021-04-08 00:33:15 [DEBUG] com.zaxxer.hikari.pool.PoolBase - HikariPool-1 - Closing connection net.sf.log4jdbc.sql.jdbcapi.ConnectionSpy@24deff35: (connection has passed maxLifetime)
2021-04-08 00:33:15 [DEBUG] com.zaxxer.hikari.pool.HikariPool - HikariPool-1 - Fill pool skipped, pool is at sufficient level.
2021-04-08 00:33:15 [DEBUG] com.zaxxer.hikari.pool.PoolBase - HikariPool-1 - Closing connection net.sf.log4jdbc.sql.jdbcapi.ConnectionSpy@2f4c5d16: (connection has passed maxLifetime)
2021-04-08 00:33:15 [DEBUG] com.zaxxer.hikari.pool.HikariPool - HikariPool-1 - Fill pool skipped, pool is at sufficient level.
2021-04-08 00:33:15 [DEBUG] com.zaxxer.hikari.pool.PoolBase - HikariPool-1 - Closing connection net.sf.log4jdbc.sql.jdbcapi.ConnectionSpy@5c82af3a: (connection has passed maxLifetime)
2021-04-08 00:33:15 [DEBUG] com.zaxxer.hikari.pool.HikariPool - HikariPool-1 - Fill pool skipped, pool is at sufficient level.
2021-04-08 00:33:15 [DEBUG] com.zaxxer.hikari.pool.PoolBase - HikariPool-1 - Closing connection net.sf.log4jdbc.sql.jdbcapi.ConnectionSpy@42d5c171: (connection has passed maxLifetime)
2021-04-08 00:33:15 [DEBUG] com.zaxxer.hikari.pool.HikariPool - HikariPool-1 - Fill pool skipped, pool is at sufficient level.
2021-04-08 00:33:15 [DEBUG] com.zaxxer.hikari.pool.PoolBase - HikariPool-1 - Closing connection net.sf.log4jdbc.sql.jdbcapi.ConnectionSpy@1044fe9a: (connection has passed maxLifetime)
2021-04-08 00:33:15 [DEBUG] com.zaxxer.hikari.pool.HikariPool - HikariPool-1 - Fill pool skipped, pool is at sufficient level.
2021-04-08 00:33:15 [DEBUG] com.zaxxer.hikari.pool.PoolBase - HikariPool-1 - Closing connection net.sf.log4jdbc.sql.jdbcapi.ConnectionSpy@140a8629: (connection has passed maxLifetime)
2021-04-08 00:33:15 [DEBUG] com.zaxxer.hikari.pool.HikariPool - HikariPool-1 - Fill pool skipped, pool is at sufficient level.
2021-04-08 00:33:15 [DEBUG] com.zaxxer.hikari.pool.HikariPool - HikariPool-1 - Added connection net.sf.log4jdbc.sql.jdbcapi.ConnectionSpy@6d19567b
2021-04-08 00:33:15 [DEBUG] com.zaxxer.hikari.pool.PoolBase - HikariPool-1 - Closing connection net.sf.log4jdbc.sql.jdbcapi.ConnectionSpy@74257966: (connection has passed maxLifetime)
2021-04-08 00:33:15 [DEBUG] com.zaxxer.hikari.pool.HikariPool - HikariPool-1 - Fill pool skipped, pool is at sufficient level.
2021-04-08 00:33:15 [DEBUG] com.zaxxer.hikari.pool.HikariPool - HikariPool-1 - Added connection net.sf.log4jdbc.sql.jdbcapi.ConnectionSpy@2c245c40
2021-04-08 00:33:15 [DEBUG] com.zaxxer.hikari.pool.HikariPool - HikariPool-1 - Added connection net.sf.log4jdbc.sql.jdbcapi.ConnectionSpy@1dc2b32c
2021-04-08 00:33:15 [DEBUG] com.zaxxer.hikari.pool.HikariPool - HikariPool-1 - Added connection net.sf.log4jdbc.sql.jdbcapi.ConnectionSpy@4c0ba30f
2021-04-08 00:33:15 [DEBUG] com.zaxxer.hikari.pool.HikariPool - HikariPool-1 - Added connection net.sf.log4jdbc.sql.jdbcapi.ConnectionSpy@2d5f8a1
2021-04-08 00:33:15 [DEBUG] com.zaxxer.hikari.pool.HikariPool - HikariPool-1 - Added connection net.sf.log4jdbc.sql.jdbcapi.ConnectionSpy@48459ba5
2021-04-08 00:33:15 [DEBUG] com.zaxxer.hikari.pool.HikariPool - HikariPool-1 - Added connection net.sf.log4jdbc.sql.jdbcapi.ConnectionSpy@5ccf73dd
2021-04-08 00:33:15 [DEBUG] com.zaxxer.hikari.pool.HikariPool - HikariPool-1 - Added connection net.sf.log4jdbc.sql.jdbcapi.ConnectionSpy@5b55c16e
2021-04-08 00:33:15 [DEBUG] com.zaxxer.hikari.pool.HikariPool - HikariPool-1 - Added connection net.sf.log4jdbc.sql.jdbcapi.ConnectionSpy@195985b8
2021-04-08 00:33:15 [DEBUG] com.zaxxer.hikari.pool.HikariPool - HikariPool-1 - Added connection net.sf.log4jdbc.sql.jdbcapi.ConnectionSpy@1cc7a4e9
2021-04-08 00:33:45 [DEBUG] com.zaxxer.hikari.pool.HikariPool - HikariPool-1 - Pool stats (total=10, active=0, idle=10, waiting=0)
2021-04-08 00:33:45 [DEBUG] com.zaxxer.hikari.pool.HikariPool - HikariPool-1 - Fill pool skipped, pool is at sufficient level.
2021-04-08 00:33:51 [INFO ] o.s.b.a.SpringApplicationAdminMXBeanRegistrar$SpringApplicationAdmin - Application shutdown requested.
2021-04-08 00:33:51 [DEBUG] o.s.b.w.s.c.AnnotationConfigServletWebServerApplicationContext - Closing org.springframework.boot.web.servlet.context.AnnotationConfigServletWebServerApplicationContext@4ce4cd2, started on Wed Apr 07 01:04:26 KST 2021
2021-04-08 00:33:51 [DEBUG] o.s.c.s.DefaultLifecycleProcessor - Stopping beans in phase 2147483647
2021-04-08 00:33:51 [DEBUG] o.s.c.s.DefaultLifecycleProcessor - Bean 'webServerGracefulShutdown' completed its stop procedure
2021-04-08 00:33:51 [DEBUG] o.s.c.s.DefaultLifecycleProcessor - Stopping beans in phase 2147483646
2021-04-08 00:33:52 [DEBUG] o.s.c.s.DefaultLifecycleProcessor - Bean 'webServerStartStop' completed its stop procedure
2021-04-08 00:33:52 [DEBUG] o.s.j.e.a.AnnotationMBeanExporter - Unregistering JMX-exposed beans on shutdown
2021-04-08 00:33:52 [DEBUG] o.s.j.e.a.AnnotationMBeanExporter - Unregistering JMX-exposed beans
2021-04-08 00:33:52 [INFO ] o.s.s.c.ThreadPoolTaskExecutor - Shutting down ExecutorService 'applicationTaskExecutor'
2021-04-08 00:33:52 [INFO ] com.zaxxer.hikari.HikariDataSource - HikariPool-1 - Shutdown initiated...
2021-04-08 00:33:52 [DEBUG] com.zaxxer.hikari.pool.HikariPool - HikariPool-1 - Before shutdown stats (total=10, active=0, idle=10, waiting=0)
2021-04-08 00:33:52 [DEBUG] com.zaxxer.hikari.pool.PoolBase - HikariPool-1 - Closing connection net.sf.log4jdbc.sql.jdbcapi.ConnectionSpy@6d19567b: (connection evicted)
2021-04-08 00:33:52 [DEBUG] com.zaxxer.hikari.pool.PoolBase - HikariPool-1 - Closing connection net.sf.log4jdbc.sql.jdbcapi.ConnectionSpy@2c245c40: (connection evicted)
2021-04-08 00:33:52 [DEBUG] com.zaxxer.hikari.pool.PoolBase - HikariPool-1 - Closing connection net.sf.log4jdbc.sql.jdbcapi.ConnectionSpy@1dc2b32c: (connection evicted)
2021-04-08 00:33:52 [DEBUG] com.zaxxer.hikari.pool.PoolBase - HikariPool-1 - Closing connection net.sf.log4jdbc.sql.jdbcapi.ConnectionSpy@4c0ba30f: (connection evicted)
2021-04-08 00:33:52 [DEBUG] com.zaxxer.hikari.pool.PoolBase - HikariPool-1 - Closing connection net.sf.log4jdbc.sql.jdbcapi.ConnectionSpy@2d5f8a1: (connection evicted)
2021-04-08 00:33:52 [DEBUG] com.zaxxer.hikari.pool.PoolBase - HikariPool-1 - Closing connection net.sf.log4jdbc.sql.jdbcapi.ConnectionSpy@48459ba5: (connection evicted)
2021-04-08 00:33:52 [DEBUG] com.zaxxer.hikari.pool.PoolBase - HikariPool-1 - Closing connection net.sf.log4jdbc.sql.jdbcapi.ConnectionSpy@5ccf73dd: (connection evicted)
2021-04-08 00:33:52 [DEBUG] com.zaxxer.hikari.pool.PoolBase - HikariPool-1 - Closing connection net.sf.log4jdbc.sql.jdbcapi.ConnectionSpy@5b55c16e: (connection evicted)
2021-04-08 00:33:52 [DEBUG] com.zaxxer.hikari.pool.PoolBase - HikariPool-1 - Closing connection net.sf.log4jdbc.sql.jdbcapi.ConnectionSpy@195985b8: (connection evicted)
2021-04-08 00:33:52 [DEBUG] com.zaxxer.hikari.pool.PoolBase - HikariPool-1 - Closing connection net.sf.log4jdbc.sql.jdbcapi.ConnectionSpy@1cc7a4e9: (connection evicted)
2021-04-08 00:33:52 [DEBUG] com.zaxxer.hikari.pool.HikariPool - HikariPool-1 - After shutdown stats (total=0, active=0, idle=0, waiting=0)
2021-04-08 00:33:52 [INFO ] com.zaxxer.hikari.HikariDataSource - HikariPool-1 - Shutdown completed.
