2021-05-06 04:42:00 [WARN ] com.zaxxer.hikari.pool.HikariPool - HikariPool-6 - Thread starvation or clock leap detected (housekeeper delta=6h29s680ms886µs500ns).
2021-05-06 04:42:00 [DEBUG] com.zaxxer.hikari.pool.HikariPool - HikariPool-6 - Pool stats (total=10, active=0, idle=10, waiting=0)
2021-05-06 04:42:00 [DEBUG] com.zaxxer.hikari.pool.HikariPool - HikariPool-6 - Fill pool skipped, pool is at sufficient level.
2021-05-06 04:42:01 [DEBUG] com.zaxxer.hikari.pool.HikariPool - HikariPool-6 - Add connection elided, waiting 0, queue 1
2021-05-06 04:42:01 [DEBUG] com.zaxxer.hikari.pool.HikariPool - HikariPool-6 - Add connection elided, waiting 0, queue 1
2021-05-06 04:42:01 [DEBUG] com.zaxxer.hikari.pool.HikariPool - HikariPool-6 - Add connection elided, waiting 0, queue 1
2021-05-06 04:42:01 [DEBUG] com.zaxxer.hikari.pool.HikariPool - HikariPool-6 - Add connection elided, waiting 0, queue 1
2021-05-06 04:42:01 [DEBUG] com.zaxxer.hikari.pool.HikariPool - HikariPool-6 - Add connection elided, waiting 0, queue 1
2021-05-06 04:42:01 [DEBUG] com.zaxxer.hikari.pool.HikariPool - HikariPool-6 - Add connection elided, waiting 0, queue 1
2021-05-06 04:42:01 [DEBUG] com.zaxxer.hikari.pool.HikariPool - HikariPool-6 - Add connection elided, waiting 0, queue 1
2021-05-06 04:42:01 [DEBUG] com.zaxxer.hikari.pool.HikariPool - HikariPool-6 - Add connection elided, waiting 0, queue 1
2021-05-06 04:42:01 [DEBUG] com.zaxxer.hikari.pool.PoolBase - HikariPool-6 - Closing connection net.sf.log4jdbc.sql.jdbcapi.ConnectionSpy@7587a1be: (connection has passed maxLifetime)
2021-05-06 04:42:01 [DEBUG] com.zaxxer.hikari.pool.PoolBase - HikariPool-6 - Closing connection net.sf.log4jdbc.sql.jdbcapi.ConnectionSpy@7b108d1b: (connection has passed maxLifetime)
2021-05-06 04:42:01 [DEBUG] com.zaxxer.hikari.pool.HikariPool - HikariPool-6 - Fill pool skipped, pool is at sufficient level.
2021-05-06 04:42:01 [DEBUG] com.zaxxer.hikari.pool.PoolBase - HikariPool-6 - Closing connection net.sf.log4jdbc.sql.jdbcapi.ConnectionSpy@3a2d8720: (connection has passed maxLifetime)
2021-05-06 04:42:01 [DEBUG] com.zaxxer.hikari.pool.HikariPool - HikariPool-6 - Fill pool skipped, pool is at sufficient level.
2021-05-06 04:42:01 [DEBUG] com.zaxxer.hikari.pool.PoolBase - HikariPool-6 - Closing connection net.sf.log4jdbc.sql.jdbcapi.ConnectionSpy@1543ec77: (connection has passed maxLifetime)
2021-05-06 04:42:01 [DEBUG] com.zaxxer.hikari.pool.HikariPool - HikariPool-6 - Fill pool skipped, pool is at sufficient level.
2021-05-06 04:42:01 [DEBUG] com.zaxxer.hikari.pool.PoolBase - HikariPool-6 - Closing connection net.sf.log4jdbc.sql.jdbcapi.ConnectionSpy@bdd7f94: (connection has passed maxLifetime)
2021-05-06 04:42:01 [DEBUG] com.zaxxer.hikari.pool.HikariPool - HikariPool-6 - Fill pool skipped, pool is at sufficient level.
2021-05-06 04:42:01 [DEBUG] com.zaxxer.hikari.pool.PoolBase - HikariPool-6 - Closing connection net.sf.log4jdbc.sql.jdbcapi.ConnectionSpy@10525a77: (connection has passed maxLifetime)
2021-05-06 04:42:01 [DEBUG] com.zaxxer.hikari.pool.HikariPool - HikariPool-6 - Fill pool skipped, pool is at sufficient level.
2021-05-06 04:42:01 [DEBUG] com.zaxxer.hikari.pool.PoolBase - HikariPool-6 - Closing connection net.sf.log4jdbc.sql.jdbcapi.ConnectionSpy@7ef74e48: (connection has passed maxLifetime)
2021-05-06 04:42:01 [DEBUG] com.zaxxer.hikari.pool.HikariPool - HikariPool-6 - Fill pool skipped, pool is at sufficient level.
2021-05-06 04:42:01 [DEBUG] com.zaxxer.hikari.pool.PoolBase - HikariPool-6 - Closing connection net.sf.log4jdbc.sql.jdbcapi.ConnectionSpy@12ca5709: (connection has passed maxLifetime)
2021-05-06 04:42:01 [DEBUG] com.zaxxer.hikari.pool.HikariPool - HikariPool-6 - Fill pool skipped, pool is at sufficient level.
2021-05-06 04:42:01 [DEBUG] com.zaxxer.hikari.pool.PoolBase - HikariPool-6 - Closing connection net.sf.log4jdbc.sql.jdbcapi.ConnectionSpy@1bb7cad2: (connection has passed maxLifetime)
2021-05-06 04:42:01 [DEBUG] com.zaxxer.hikari.pool.HikariPool - HikariPool-6 - Fill pool skipped, pool is at sufficient level.
2021-05-06 04:42:01 [DEBUG] com.zaxxer.hikari.pool.HikariPool - HikariPool-6 - Added connection net.sf.log4jdbc.sql.jdbcapi.ConnectionSpy@4da77e51
2021-05-06 04:42:01 [DEBUG] com.zaxxer.hikari.pool.PoolBase - HikariPool-6 - Closing connection net.sf.log4jdbc.sql.jdbcapi.ConnectionSpy@2e0b645e: (connection has passed maxLifetime)
2021-05-06 04:42:01 [DEBUG] com.zaxxer.hikari.pool.HikariPool - HikariPool-6 - Fill pool skipped, pool is at sufficient level.
2021-05-06 04:42:01 [DEBUG] com.zaxxer.hikari.pool.HikariPool - HikariPool-6 - Added connection net.sf.log4jdbc.sql.jdbcapi.ConnectionSpy@c9a746a
2021-05-06 04:42:01 [DEBUG] com.zaxxer.hikari.pool.HikariPool - HikariPool-6 - Added connection net.sf.log4jdbc.sql.jdbcapi.ConnectionSpy@3d5c1d8c
2021-05-06 04:42:01 [DEBUG] com.zaxxer.hikari.pool.HikariPool - HikariPool-6 - Added connection net.sf.log4jdbc.sql.jdbcapi.ConnectionSpy@6cb58b25
2021-05-06 04:42:01 [DEBUG] com.zaxxer.hikari.pool.HikariPool - HikariPool-6 - Added connection net.sf.log4jdbc.sql.jdbcapi.ConnectionSpy@72b8259
2021-05-06 04:42:01 [DEBUG] com.zaxxer.hikari.pool.HikariPool - HikariPool-6 - Added connection net.sf.log4jdbc.sql.jdbcapi.ConnectionSpy@79ca0878
2021-05-06 04:42:01 [DEBUG] com.zaxxer.hikari.pool.HikariPool - HikariPool-6 - Added connection net.sf.log4jdbc.sql.jdbcapi.ConnectionSpy@31f8fbc9
2021-05-06 04:42:01 [DEBUG] com.zaxxer.hikari.pool.HikariPool - HikariPool-6 - Added connection net.sf.log4jdbc.sql.jdbcapi.ConnectionSpy@302d023e
2021-05-06 04:42:01 [DEBUG] com.zaxxer.hikari.pool.HikariPool - HikariPool-6 - Added connection net.sf.log4jdbc.sql.jdbcapi.ConnectionSpy@26fb3f6e
2021-05-06 04:42:01 [DEBUG] com.zaxxer.hikari.pool.HikariPool - HikariPool-6 - Added connection net.sf.log4jdbc.sql.jdbcapi.ConnectionSpy@d64cf5a
