2021-06-01 04:59:58 [WARN ] com.zaxxer.hikari.pool.HikariPool - HikariPool-2 - Thread starvation or clock leap detected (housekeeper delta=6h28s797ms409µs500ns).
2021-06-01 04:59:58 [DEBUG] com.zaxxer.hikari.pool.HikariPool - HikariPool-2 - Pool stats (total=10, active=0, idle=10, waiting=0)
2021-06-01 04:59:58 [DEBUG] com.zaxxer.hikari.pool.HikariPool - HikariPool-2 - Fill pool skipped, pool is at sufficient level.
2021-06-01 04:59:58 [DEBUG] com.zaxxer.hikari.pool.HikariPool - HikariPool-2 - Add connection elided, waiting 0, queue 1
2021-06-01 04:59:58 [DEBUG] com.zaxxer.hikari.pool.HikariPool - HikariPool-2 - Add connection elided, waiting 0, queue 1
2021-06-01 04:59:58 [DEBUG] com.zaxxer.hikari.pool.HikariPool - HikariPool-2 - Add connection elided, waiting 0, queue 1
2021-06-01 04:59:58 [DEBUG] com.zaxxer.hikari.pool.HikariPool - HikariPool-2 - Add connection elided, waiting 0, queue 1
2021-06-01 04:59:58 [DEBUG] com.zaxxer.hikari.pool.HikariPool - HikariPool-2 - Add connection elided, waiting 0, queue 1
2021-06-01 04:59:58 [DEBUG] com.zaxxer.hikari.pool.HikariPool - HikariPool-2 - Add connection elided, waiting 0, queue 1
2021-06-01 04:59:58 [DEBUG] com.zaxxer.hikari.pool.HikariPool - HikariPool-2 - Add connection elided, waiting 0, queue 1
2021-06-01 04:59:58 [DEBUG] com.zaxxer.hikari.pool.HikariPool - HikariPool-2 - Add connection elided, waiting 0, queue 1
2021-06-01 04:59:58 [DEBUG] com.zaxxer.hikari.pool.PoolBase - HikariPool-2 - Closing connection net.sf.log4jdbc.sql.jdbcapi.ConnectionSpy@5ee0f159: (connection has passed maxLifetime)
2021-06-01 04:59:58 [DEBUG] com.zaxxer.hikari.pool.PoolBase - HikariPool-2 - Closing connection net.sf.log4jdbc.sql.jdbcapi.ConnectionSpy@35108522: (connection has passed maxLifetime)
2021-06-01 04:59:58 [DEBUG] com.zaxxer.hikari.pool.HikariPool - HikariPool-2 - Fill pool skipped, pool is at sufficient level.
2021-06-01 04:59:58 [DEBUG] com.zaxxer.hikari.pool.PoolBase - HikariPool-2 - Closing connection net.sf.log4jdbc.sql.jdbcapi.ConnectionSpy@2701124f: (connection has passed maxLifetime)
2021-06-01 04:59:58 [DEBUG] com.zaxxer.hikari.pool.HikariPool - HikariPool-2 - Fill pool skipped, pool is at sufficient level.
2021-06-01 04:59:58 [DEBUG] com.zaxxer.hikari.pool.PoolBase - HikariPool-2 - Closing connection net.sf.log4jdbc.sql.jdbcapi.ConnectionSpy@7ff2042d: (connection has passed maxLifetime)
2021-06-01 04:59:58 [DEBUG] com.zaxxer.hikari.pool.HikariPool - HikariPool-2 - Fill pool skipped, pool is at sufficient level.
2021-06-01 04:59:58 [DEBUG] com.zaxxer.hikari.pool.PoolBase - HikariPool-2 - Closing connection net.sf.log4jdbc.sql.jdbcapi.ConnectionSpy@2e88465e: (connection has passed maxLifetime)
2021-06-01 04:59:58 [DEBUG] com.zaxxer.hikari.pool.HikariPool - HikariPool-2 - Fill pool skipped, pool is at sufficient level.
2021-06-01 04:59:58 [DEBUG] com.zaxxer.hikari.pool.PoolBase - HikariPool-2 - Closing connection net.sf.log4jdbc.sql.jdbcapi.ConnectionSpy@69e48c43: (connection has passed maxLifetime)
2021-06-01 04:59:58 [DEBUG] com.zaxxer.hikari.pool.HikariPool - HikariPool-2 - Fill pool skipped, pool is at sufficient level.
2021-06-01 04:59:58 [DEBUG] com.zaxxer.hikari.pool.PoolBase - HikariPool-2 - Closing connection net.sf.log4jdbc.sql.jdbcapi.ConnectionSpy@1fddfb62: (connection has passed maxLifetime)
2021-06-01 04:59:58 [DEBUG] com.zaxxer.hikari.pool.HikariPool - HikariPool-2 - Fill pool skipped, pool is at sufficient level.
2021-06-01 04:59:58 [DEBUG] com.zaxxer.hikari.pool.PoolBase - HikariPool-2 - Closing connection net.sf.log4jdbc.sql.jdbcapi.ConnectionSpy@7bbc9f76: (connection has passed maxLifetime)
2021-06-01 04:59:58 [DEBUG] com.zaxxer.hikari.pool.HikariPool - HikariPool-2 - Fill pool skipped, pool is at sufficient level.
2021-06-01 04:59:58 [DEBUG] com.zaxxer.hikari.pool.PoolBase - HikariPool-2 - Closing connection net.sf.log4jdbc.sql.jdbcapi.ConnectionSpy@3c6eabb6: (connection has passed maxLifetime)
2021-06-01 04:59:58 [DEBUG] com.zaxxer.hikari.pool.HikariPool - HikariPool-2 - Fill pool skipped, pool is at sufficient level.
2021-06-01 04:59:58 [DEBUG] com.zaxxer.hikari.pool.PoolBase - HikariPool-2 - Closing connection net.sf.log4jdbc.sql.jdbcapi.ConnectionSpy@79ee7899: (connection has passed maxLifetime)
2021-06-01 04:59:58 [DEBUG] com.zaxxer.hikari.pool.HikariPool - HikariPool-2 - Fill pool skipped, pool is at sufficient level.
2021-06-01 04:59:58 [DEBUG] com.zaxxer.hikari.pool.HikariPool - HikariPool-2 - Added connection net.sf.log4jdbc.sql.jdbcapi.ConnectionSpy@779ab79e
2021-06-01 04:59:58 [DEBUG] com.zaxxer.hikari.pool.HikariPool - HikariPool-2 - Added connection net.sf.log4jdbc.sql.jdbcapi.ConnectionSpy@36a7bda5
2021-06-01 04:59:58 [DEBUG] com.zaxxer.hikari.pool.HikariPool - HikariPool-2 - Added connection net.sf.log4jdbc.sql.jdbcapi.ConnectionSpy@75bcba8
2021-06-01 04:59:59 [DEBUG] com.zaxxer.hikari.pool.HikariPool - HikariPool-2 - Added connection net.sf.log4jdbc.sql.jdbcapi.ConnectionSpy@568842ea
2021-06-01 04:59:59 [DEBUG] com.zaxxer.hikari.pool.HikariPool - HikariPool-2 - Added connection net.sf.log4jdbc.sql.jdbcapi.ConnectionSpy@57a68373
2021-06-01 04:59:59 [DEBUG] com.zaxxer.hikari.pool.HikariPool - HikariPool-2 - Added connection net.sf.log4jdbc.sql.jdbcapi.ConnectionSpy@77dbb413
2021-06-01 04:59:59 [DEBUG] com.zaxxer.hikari.pool.HikariPool - HikariPool-2 - Added connection net.sf.log4jdbc.sql.jdbcapi.ConnectionSpy@3fb19e0e
2021-06-01 04:59:59 [DEBUG] com.zaxxer.hikari.pool.HikariPool - HikariPool-2 - Added connection net.sf.log4jdbc.sql.jdbcapi.ConnectionSpy@295e0485
2021-06-01 04:59:59 [DEBUG] com.zaxxer.hikari.pool.HikariPool - HikariPool-2 - Added connection net.sf.log4jdbc.sql.jdbcapi.ConnectionSpy@450e80f3
2021-06-01 04:59:59 [DEBUG] com.zaxxer.hikari.pool.HikariPool - HikariPool-2 - Added connection net.sf.log4jdbc.sql.jdbcapi.ConnectionSpy@6545c337
2021-06-01 17:33:30 [WARN ] com.zaxxer.hikari.pool.HikariPool - HikariPool-2 - Thread starvation or clock leap detected (housekeeper delta=12h33m36s478ms460µs300ns).
2021-06-01 17:33:30 [DEBUG] com.zaxxer.hikari.pool.HikariPool - HikariPool-2 - Pool stats (total=10, active=0, idle=10, waiting=0)
2021-06-01 17:33:30 [DEBUG] com.zaxxer.hikari.pool.HikariPool - HikariPool-2 - Fill pool skipped, pool is at sufficient level.
2021-06-01 17:33:30 [DEBUG] com.zaxxer.hikari.pool.HikariPool - HikariPool-2 - Add connection elided, waiting 0, queue 1
2021-06-01 17:33:30 [DEBUG] com.zaxxer.hikari.pool.HikariPool - HikariPool-2 - Add connection elided, waiting 0, queue 1
2021-06-01 17:33:30 [DEBUG] com.zaxxer.hikari.pool.HikariPool - HikariPool-2 - Add connection elided, waiting 0, queue 1
2021-06-01 17:33:30 [DEBUG] com.zaxxer.hikari.pool.HikariPool - HikariPool-2 - Add connection elided, waiting 0, queue 1
2021-06-01 17:33:30 [DEBUG] com.zaxxer.hikari.pool.HikariPool - HikariPool-2 - Add connection elided, waiting 0, queue 1
2021-06-01 17:33:30 [DEBUG] com.zaxxer.hikari.pool.HikariPool - HikariPool-2 - Add connection elided, waiting 0, queue 1
2021-06-01 17:33:30 [DEBUG] com.zaxxer.hikari.pool.HikariPool - HikariPool-2 - Add connection elided, waiting 0, queue 1
2021-06-01 17:33:30 [DEBUG] com.zaxxer.hikari.pool.HikariPool - HikariPool-2 - Add connection elided, waiting 0, queue 1
2021-06-01 17:33:30 [DEBUG] com.zaxxer.hikari.pool.PoolBase - HikariPool-2 - Closing connection net.sf.log4jdbc.sql.jdbcapi.ConnectionSpy@75bcba8: (connection has passed maxLifetime)
2021-06-01 17:33:30 [DEBUG] com.zaxxer.hikari.pool.PoolBase - HikariPool-2 - Closing connection net.sf.log4jdbc.sql.jdbcapi.ConnectionSpy@3fb19e0e: (connection has passed maxLifetime)
2021-06-01 17:33:30 [DEBUG] com.zaxxer.hikari.pool.HikariPool - HikariPool-2 - Fill pool skipped, pool is at sufficient level.
2021-06-01 17:33:30 [DEBUG] com.zaxxer.hikari.pool.PoolBase - HikariPool-2 - Closing connection net.sf.log4jdbc.sql.jdbcapi.ConnectionSpy@779ab79e: (connection has passed maxLifetime)
2021-06-01 17:33:30 [DEBUG] com.zaxxer.hikari.pool.HikariPool - HikariPool-2 - Fill pool skipped, pool is at sufficient level.
2021-06-01 17:33:30 [DEBUG] com.zaxxer.hikari.pool.PoolBase - HikariPool-2 - Closing connection net.sf.log4jdbc.sql.jdbcapi.ConnectionSpy@36a7bda5: (connection has passed maxLifetime)
2021-06-01 17:33:30 [DEBUG] com.zaxxer.hikari.pool.HikariPool - HikariPool-2 - Fill pool skipped, pool is at sufficient level.
2021-06-01 17:33:30 [DEBUG] com.zaxxer.hikari.pool.PoolBase - HikariPool-2 - Closing connection net.sf.log4jdbc.sql.jdbcapi.ConnectionSpy@295e0485: (connection has passed maxLifetime)
2021-06-01 17:33:30 [DEBUG] com.zaxxer.hikari.pool.HikariPool - HikariPool-2 - Fill pool skipped, pool is at sufficient level.
2021-06-01 17:33:30 [DEBUG] com.zaxxer.hikari.pool.PoolBase - HikariPool-2 - Closing connection net.sf.log4jdbc.sql.jdbcapi.ConnectionSpy@450e80f3: (connection has passed maxLifetime)
2021-06-01 17:33:30 [DEBUG] com.zaxxer.hikari.pool.HikariPool - HikariPool-2 - Fill pool skipped, pool is at sufficient level.
2021-06-01 17:33:30 [DEBUG] com.zaxxer.hikari.pool.PoolBase - HikariPool-2 - Closing connection net.sf.log4jdbc.sql.jdbcapi.ConnectionSpy@568842ea: (connection has passed maxLifetime)
2021-06-01 17:33:30 [DEBUG] com.zaxxer.hikari.pool.HikariPool - HikariPool-2 - Fill pool skipped, pool is at sufficient level.
2021-06-01 17:33:30 [DEBUG] com.zaxxer.hikari.pool.PoolBase - HikariPool-2 - Closing connection net.sf.log4jdbc.sql.jdbcapi.ConnectionSpy@57a68373: (connection has passed maxLifetime)
2021-06-01 17:33:30 [DEBUG] com.zaxxer.hikari.pool.HikariPool - HikariPool-2 - Fill pool skipped, pool is at sufficient level.
2021-06-01 17:33:30 [DEBUG] com.zaxxer.hikari.pool.PoolBase - HikariPool-2 - Closing connection net.sf.log4jdbc.sql.jdbcapi.ConnectionSpy@77dbb413: (connection has passed maxLifetime)
2021-06-01 17:33:30 [DEBUG] com.zaxxer.hikari.pool.HikariPool - HikariPool-2 - Fill pool skipped, pool is at sufficient level.
2021-06-01 17:33:30 [DEBUG] com.zaxxer.hikari.pool.PoolBase - HikariPool-2 - Closing connection net.sf.log4jdbc.sql.jdbcapi.ConnectionSpy@6545c337: (connection has passed maxLifetime)
2021-06-01 17:33:30 [DEBUG] com.zaxxer.hikari.pool.HikariPool - HikariPool-2 - Fill pool skipped, pool is at sufficient level.
2021-06-01 17:33:30 [DEBUG] com.zaxxer.hikari.pool.HikariPool - HikariPool-2 - Added connection net.sf.log4jdbc.sql.jdbcapi.ConnectionSpy@46d65bf4
2021-06-01 17:33:30 [DEBUG] com.zaxxer.hikari.pool.HikariPool - HikariPool-2 - Added connection net.sf.log4jdbc.sql.jdbcapi.ConnectionSpy@7eb51cf
2021-06-01 17:33:30 [DEBUG] com.zaxxer.hikari.pool.HikariPool - HikariPool-2 - Added connection net.sf.log4jdbc.sql.jdbcapi.ConnectionSpy@3626526c
2021-06-01 17:33:30 [DEBUG] com.zaxxer.hikari.pool.HikariPool - HikariPool-2 - Added connection net.sf.log4jdbc.sql.jdbcapi.ConnectionSpy@67c4ae80
2021-06-01 17:33:30 [DEBUG] com.zaxxer.hikari.pool.HikariPool - HikariPool-2 - Added connection net.sf.log4jdbc.sql.jdbcapi.ConnectionSpy@7cf0c8ee
2021-06-01 17:33:30 [DEBUG] com.zaxxer.hikari.pool.HikariPool - HikariPool-2 - Added connection net.sf.log4jdbc.sql.jdbcapi.ConnectionSpy@638ab5e5
2021-06-01 17:33:30 [DEBUG] com.zaxxer.hikari.pool.HikariPool - HikariPool-2 - Added connection net.sf.log4jdbc.sql.jdbcapi.ConnectionSpy@6b71f0dd
2021-06-01 17:33:30 [DEBUG] com.zaxxer.hikari.pool.HikariPool - HikariPool-2 - Added connection net.sf.log4jdbc.sql.jdbcapi.ConnectionSpy@39015c42
2021-06-01 17:33:30 [DEBUG] com.zaxxer.hikari.pool.HikariPool - HikariPool-2 - Added connection net.sf.log4jdbc.sql.jdbcapi.ConnectionSpy@2bb5e1f2
2021-06-01 17:33:30 [DEBUG] com.zaxxer.hikari.pool.HikariPool - HikariPool-2 - Added connection net.sf.log4jdbc.sql.jdbcapi.ConnectionSpy@c14495
2021-06-01 17:33:37 [DEBUG] o.s.boot.devtools.restart.Restarter - Finalized classloader org.springframework.boot.devtools.restart.classloader.RestartClassLoader@13b6cea0
2021-06-01 17:33:37 [DEBUG] o.s.boot.devtools.restart.Restarter - Finalized classloader org.springframework.boot.devtools.restart.classloader.RestartClassLoader@1b2d3665
2021-06-01 17:33:37 [DEBUG] o.s.boot.devtools.restart.Restarter - Finalized classloader org.springframework.boot.devtools.restart.classloader.RestartClassLoader@56d795d8
2021-06-01 17:33:37 [DEBUG] o.s.boot.devtools.restart.Restarter - Finalized classloader org.springframework.boot.devtools.restart.classloader.RestartClassLoader@5c8c88ae
2021-06-01 17:33:37 [DEBUG] o.s.boot.devtools.restart.Restarter - Finalized classloader org.springframework.boot.devtools.restart.classloader.RestartClassLoader@102d1212
2021-06-01 17:34:00 [DEBUG] com.zaxxer.hikari.pool.HikariPool - HikariPool-2 - Pool stats (total=10, active=0, idle=10, waiting=0)
2021-06-01 17:34:00 [DEBUG] com.zaxxer.hikari.pool.HikariPool - HikariPool-2 - Fill pool skipped, pool is at sufficient level.
2021-06-01 17:34:30 [DEBUG] com.zaxxer.hikari.pool.HikariPool - HikariPool-2 - Pool stats (total=10, active=0, idle=10, waiting=0)
2021-06-01 17:34:30 [DEBUG] com.zaxxer.hikari.pool.HikariPool - HikariPool-2 - Fill pool skipped, pool is at sufficient level.
2021-06-01 17:35:00 [DEBUG] com.zaxxer.hikari.pool.HikariPool - HikariPool-2 - Pool stats (total=10, active=0, idle=10, waiting=0)
2021-06-01 17:35:00 [DEBUG] com.zaxxer.hikari.pool.HikariPool - HikariPool-2 - Fill pool skipped, pool is at sufficient level.
2021-06-01 17:35:30 [DEBUG] com.zaxxer.hikari.pool.HikariPool - HikariPool-2 - Pool stats (total=10, active=0, idle=10, waiting=0)
2021-06-01 17:35:30 [DEBUG] com.zaxxer.hikari.pool.HikariPool - HikariPool-2 - Fill pool skipped, pool is at sufficient level.
2021-06-01 17:36:00 [DEBUG] com.zaxxer.hikari.pool.HikariPool - HikariPool-2 - Pool stats (total=10, active=0, idle=10, waiting=0)
2021-06-01 17:36:00 [DEBUG] com.zaxxer.hikari.pool.HikariPool - HikariPool-2 - Fill pool skipped, pool is at sufficient level.
2021-06-01 17:36:30 [DEBUG] com.zaxxer.hikari.pool.HikariPool - HikariPool-2 - Pool stats (total=10, active=0, idle=10, waiting=0)
2021-06-01 17:36:30 [DEBUG] com.zaxxer.hikari.pool.HikariPool - HikariPool-2 - Fill pool skipped, pool is at sufficient level.
2021-06-01 17:37:00 [DEBUG] com.zaxxer.hikari.pool.HikariPool - HikariPool-2 - Pool stats (total=10, active=0, idle=10, waiting=0)
2021-06-01 17:37:00 [DEBUG] com.zaxxer.hikari.pool.HikariPool - HikariPool-2 - Fill pool skipped, pool is at sufficient level.
2021-06-01 23:37:29 [WARN ] com.zaxxer.hikari.pool.HikariPool - HikariPool-2 - Thread starvation or clock leap detected (housekeeper delta=6h28s946ms412µs).
2021-06-01 23:37:29 [DEBUG] com.zaxxer.hikari.pool.HikariPool - HikariPool-2 - Pool stats (total=10, active=0, idle=10, waiting=0)
2021-06-01 23:37:29 [DEBUG] com.zaxxer.hikari.pool.HikariPool - HikariPool-2 - Fill pool skipped, pool is at sufficient level.
2021-06-01 23:37:29 [DEBUG] com.zaxxer.hikari.pool.PoolBase - HikariPool-2 - Closing connection net.sf.log4jdbc.sql.jdbcapi.ConnectionSpy@c14495: (connection has passed maxLifetime)
2021-06-01 23:37:29 [DEBUG] com.zaxxer.hikari.pool.HikariPool - HikariPool-2 - Add connection elided, waiting 0, queue 1
2021-06-01 23:37:29 [DEBUG] com.zaxxer.hikari.pool.HikariPool - HikariPool-2 - Add connection elided, waiting 0, queue 1
2021-06-01 23:37:29 [DEBUG] com.zaxxer.hikari.pool.HikariPool - HikariPool-2 - Add connection elided, waiting 0, queue 1
2021-06-01 23:37:29 [DEBUG] com.zaxxer.hikari.pool.HikariPool - HikariPool-2 - Add connection elided, waiting 0, queue 1
2021-06-01 23:37:29 [DEBUG] com.zaxxer.hikari.pool.HikariPool - HikariPool-2 - Add connection elided, waiting 0, queue 1
2021-06-01 23:37:29 [DEBUG] com.zaxxer.hikari.pool.HikariPool - HikariPool-2 - Add connection elided, waiting 0, queue 1
2021-06-01 23:37:29 [DEBUG] com.zaxxer.hikari.pool.HikariPool - HikariPool-2 - Add connection elided, waiting 0, queue 1
2021-06-01 23:37:29 [DEBUG] com.zaxxer.hikari.pool.HikariPool - HikariPool-2 - Add connection elided, waiting 0, queue 1
2021-06-01 23:37:29 [DEBUG] com.zaxxer.hikari.pool.PoolBase - HikariPool-2 - Closing connection net.sf.log4jdbc.sql.jdbcapi.ConnectionSpy@39015c42: (connection has passed maxLifetime)
2021-06-01 23:37:29 [DEBUG] com.zaxxer.hikari.pool.HikariPool - HikariPool-2 - Fill pool skipped, pool is at sufficient level.
2021-06-01 23:37:29 [DEBUG] com.zaxxer.hikari.pool.PoolBase - HikariPool-2 - Closing connection net.sf.log4jdbc.sql.jdbcapi.ConnectionSpy@638ab5e5: (connection has passed maxLifetime)
2021-06-01 23:37:29 [DEBUG] com.zaxxer.hikari.pool.HikariPool - HikariPool-2 - Fill pool skipped, pool is at sufficient level.
2021-06-01 23:37:29 [DEBUG] com.zaxxer.hikari.pool.PoolBase - HikariPool-2 - Closing connection net.sf.log4jdbc.sql.jdbcapi.ConnectionSpy@7cf0c8ee: (connection has passed maxLifetime)
2021-06-01 23:37:29 [DEBUG] com.zaxxer.hikari.pool.HikariPool - HikariPool-2 - Fill pool skipped, pool is at sufficient level.
2021-06-01 23:37:29 [DEBUG] com.zaxxer.hikari.pool.PoolBase - HikariPool-2 - Closing connection net.sf.log4jdbc.sql.jdbcapi.ConnectionSpy@2bb5e1f2: (connection has passed maxLifetime)
2021-06-01 23:37:29 [DEBUG] com.zaxxer.hikari.pool.HikariPool - HikariPool-2 - Fill pool skipped, pool is at sufficient level.
2021-06-01 23:37:29 [DEBUG] com.zaxxer.hikari.pool.PoolBase - HikariPool-2 - Closing connection net.sf.log4jdbc.sql.jdbcapi.ConnectionSpy@46d65bf4: (connection has passed maxLifetime)
2021-06-01 23:37:29 [DEBUG] com.zaxxer.hikari.pool.HikariPool - HikariPool-2 - Fill pool skipped, pool is at sufficient level.
2021-06-01 23:37:29 [DEBUG] com.zaxxer.hikari.pool.PoolBase - HikariPool-2 - Closing connection net.sf.log4jdbc.sql.jdbcapi.ConnectionSpy@67c4ae80: (connection has passed maxLifetime)
2021-06-01 23:37:29 [DEBUG] com.zaxxer.hikari.pool.HikariPool - HikariPool-2 - Fill pool skipped, pool is at sufficient level.
2021-06-01 23:37:29 [DEBUG] com.zaxxer.hikari.pool.PoolBase - HikariPool-2 - Closing connection net.sf.log4jdbc.sql.jdbcapi.ConnectionSpy@7eb51cf: (connection has passed maxLifetime)
2021-06-01 23:37:29 [DEBUG] com.zaxxer.hikari.pool.HikariPool - HikariPool-2 - Added connection net.sf.log4jdbc.sql.jdbcapi.ConnectionSpy@2b054e0d
2021-06-01 23:37:29 [DEBUG] com.zaxxer.hikari.pool.HikariPool - HikariPool-2 - Fill pool skipped, pool is at sufficient level.
2021-06-01 23:37:29 [DEBUG] com.zaxxer.hikari.pool.PoolBase - HikariPool-2 - Closing connection net.sf.log4jdbc.sql.jdbcapi.ConnectionSpy@3626526c: (connection has passed maxLifetime)
2021-06-01 23:37:29 [DEBUG] com.zaxxer.hikari.pool.HikariPool - HikariPool-2 - Fill pool skipped, pool is at sufficient level.
2021-06-01 23:37:29 [DEBUG] com.zaxxer.hikari.pool.PoolBase - HikariPool-2 - Closing connection net.sf.log4jdbc.sql.jdbcapi.ConnectionSpy@6b71f0dd: (connection has passed maxLifetime)
2021-06-01 23:37:29 [DEBUG] com.zaxxer.hikari.pool.HikariPool - HikariPool-2 - Fill pool skipped, pool is at sufficient level.
2021-06-01 23:37:29 [DEBUG] com.zaxxer.hikari.pool.HikariPool - HikariPool-2 - Added connection net.sf.log4jdbc.sql.jdbcapi.ConnectionSpy@6a384436
2021-06-01 23:37:29 [DEBUG] com.zaxxer.hikari.pool.HikariPool - HikariPool-2 - Added connection net.sf.log4jdbc.sql.jdbcapi.ConnectionSpy@5b98e94e
2021-06-01 23:37:29 [DEBUG] com.zaxxer.hikari.pool.HikariPool - HikariPool-2 - Added connection net.sf.log4jdbc.sql.jdbcapi.ConnectionSpy@a17bb79
2021-06-01 23:37:29 [DEBUG] com.zaxxer.hikari.pool.HikariPool - HikariPool-2 - Added connection net.sf.log4jdbc.sql.jdbcapi.ConnectionSpy@2983639c
2021-06-01 23:37:29 [DEBUG] com.zaxxer.hikari.pool.HikariPool - HikariPool-2 - Added connection net.sf.log4jdbc.sql.jdbcapi.ConnectionSpy@e59c5d7
2021-06-01 23:37:29 [DEBUG] com.zaxxer.hikari.pool.HikariPool - HikariPool-2 - Added connection net.sf.log4jdbc.sql.jdbcapi.ConnectionSpy@60125608
2021-06-01 23:37:29 [DEBUG] com.zaxxer.hikari.pool.HikariPool - HikariPool-2 - Added connection net.sf.log4jdbc.sql.jdbcapi.ConnectionSpy@ac221b2
2021-06-01 23:37:29 [DEBUG] com.zaxxer.hikari.pool.HikariPool - HikariPool-2 - Added connection net.sf.log4jdbc.sql.jdbcapi.ConnectionSpy@50877dae
2021-06-01 23:37:29 [DEBUG] com.zaxxer.hikari.pool.HikariPool - HikariPool-2 - Added connection net.sf.log4jdbc.sql.jdbcapi.ConnectionSpy@2857ea99
